<?xml version="1.0" encoding="UTF-8"?>
<testsuite xmlns:xsi="http://www.w3.org/2001/XMLSchema-instance" xsi:noNamespaceSchemaLocation="https://maven.apache.org/surefire/maven-surefire-plugin/xsd/surefire-test-report.xsd" name="com.acs.configuration.AccessControlSystemApplicationTests" time="19.944" tests="1" errors="1" skipped="0" failures="0">
  <properties>
[...]
</properties>
  <testcase name="savedUser" classname="com.acs.configuration.AccessControlSystemApplicationTests" time="0.001">
    <error message="Failed to load ApplicationContext" type="java.lang.IllegalStateException">java.lang.IllegalStateException: Failed to load ApplicationContext
Caused by: java.lang.reflect.UndeclaredThrowableException: 
Failed to invoke event listener method
HandlerMethod details: 
Bean [com.acs.configuration.AccessControlSystemApplication$$EnhancerBySpringCGLIB$$6558ac25]
Method [public void com.acs.configuration.AccessControlSystemApplication.doSomethingAfterStartup()]
Resolved arguments: 

Caused by: java.lang.StackOverflowError
</error>
    <system-out><![CDATA[23:09:20.516 [main] DEBUG org.springframework.test.context.junit4.SpringJUnit4ClassRunner - SpringJUnit4ClassRunner constructor called with [class com.acs.configuration.AccessControlSystemApplicationTests]
23:09:20.537 [main] DEBUG org.springframework.test.context.BootstrapUtils - Instantiating CacheAwareContextLoaderDelegate from class [org.springframework.test.context.cache.DefaultCacheAwareContextLoaderDelegate]
23:09:20.566 [main] DEBUG org.springframework.test.context.BootstrapUtils - Instantiating BootstrapContext using constructor [public org.springframework.test.context.support.DefaultBootstrapContext(java.lang.Class,org.springframework.test.context.CacheAwareContextLoaderDelegate)]
23:09:20.637 [main] DEBUG org.springframework.test.context.BootstrapUtils - Instantiating TestContextBootstrapper for test class [com.acs.configuration.AccessControlSystemApplicationTests] from class [org.springframework.boot.test.context.SpringBootTestContextBootstrapper]
23:09:20.684 [main] INFO org.springframework.boot.test.context.SpringBootTestContextBootstrapper - Neither @ContextConfiguration nor @ContextHierarchy found for test class [com.acs.configuration.AccessControlSystemApplicationTests], using SpringBootContextLoader
23:09:20.703 [main] DEBUG org.springframework.test.context.support.AbstractContextLoader - Did not detect default resource location for test class [com.acs.configuration.AccessControlSystemApplicationTests]: class path resource [com/acs/configuration/AccessControlSystemApplicationTests-context.xml] does not exist
23:09:20.705 [main] DEBUG org.springframework.test.context.support.AbstractContextLoader - Did not detect default resource location for test class [com.acs.configuration.AccessControlSystemApplicationTests]: class path resource [com/acs/configuration/AccessControlSystemApplicationTestsContext.groovy] does not exist
23:09:20.706 [main] INFO org.springframework.test.context.support.AbstractContextLoader - Could not detect default resource locations for test class [com.acs.configuration.AccessControlSystemApplicationTests]: no resource found for suffixes {-context.xml, Context.groovy}.
23:09:20.709 [main] INFO org.springframework.test.context.support.AnnotationConfigContextLoaderUtils - Could not detect default configuration classes for test class [com.acs.configuration.AccessControlSystemApplicationTests]: AccessControlSystemApplicationTests does not declare any static, non-private, non-final, nested classes annotated with @Configuration.
23:09:20.829 [main] DEBUG org.springframework.test.context.support.ActiveProfilesUtils - Could not find an 'annotation declaring class' for annotation type [org.springframework.test.context.ActiveProfiles] and class [com.acs.configuration.AccessControlSystemApplicationTests]
23:09:20.856 [main] DEBUG org.springframework.core.env.StandardEnvironment - Adding PropertySource 'systemProperties' with lowest search precedence
23:09:20.857 [main] DEBUG org.springframework.core.env.StandardEnvironment - Adding PropertySource 'systemEnvironment' with lowest search precedence
23:09:20.857 [main] DEBUG org.springframework.core.env.StandardEnvironment - Initialized StandardEnvironment with PropertySources [MapPropertySource@5508954 {name='systemProperties', properties={idea.version=2018.2.4, java.runtime.name=Java(TM) SE Runtime Environment, sun.boot.library.path=C:\Program Files (x86)\Java\jdk1.8.0_144\jre\bin, java.vm.version=25.144-b01, java.vm.vendor=Oracle Corporation, java.vendor.url=http://java.oracle.com/, path.separator=;, java.vm.name=Java HotSpot(TM) Client VM, file.encoding.pkg=sun.io, user.country=GB, user.script=, sun.java.launcher=SUN_STANDARD, sun.os.patch.level=, java.vm.specification.name=Java Virtual Machine Specification, user.dir=D:\personal\ACS\AccessControlSystem\project\AccessControlSystem-Server, java.runtime.version=1.8.0_144-b01, basedir=D:\personal\ACS\AccessControlSystem\project\AccessControlSystem-Server, java.awt.graphicsenv=sun.awt.Win32GraphicsEnvironment, java.endorsed.dirs=C:\Program Files (x86)\Java\jdk1.8.0_144\jre\lib\endorsed, os.arch=x86, surefire.real.class.path=C:\Users\gnanii\AppData\Local\Temp\surefire1658802995992462239\surefirebooter1077936759950058545.jar, java.io.tmpdir=C:\Users\gnanii\AppData\Local\Temp\, line.separator=
, java.vm.specification.vendor=Oracle Corporation, user.variant=, os.name=Windows 10, sun.jnu.encoding=Cp1252, java.library.path=C:\Program Files (x86)\Java\jdk1.8.0_144\jre\bin;C:\WINDOWS\Sun\Java\bin;C:\WINDOWS\system32;C:\WINDOWS;C:\Program Files\Kerio\Outlook Connector (Offline Edition)\;C:\oracle\product\11.2.0\dbhome_1\bin;C:\ProgramData\Oracle\Java\javapath;C:\WINDOWS\system32;C:\WINDOWS;C:\WINDOWS\System32\Wbem;C:\WINDOWS\System32\WindowsPowerShell\v1.0\;C:\Program Files\Git\cmd;C:\Program Files\Java\jdk1.7.0_80;C:\apache-maven-3.5.0\bin;C:\Program Files\Symantec.cloud\PlatformAgent\;C:\Program Files\TortoiseSVN\bin;C:\Program Files\PostgreSQL\10\bin;C:\Users\gnanii\AppData\Local\Programs\Python\Python35\;C:\Users\gnanii\AppData\Local\Programs\Python\Python35\Scripts\;C:\Users\gnanii\AppData\Roaming\npm;C:\WINDOWS\System32\OpenSSH\;C:\Program Files\nodejs\;C:\Program Files\PuTTY\;D:\install\liqubase;C:\TDM-GCC-64\bin;;C:\Program Files\Microsoft VS Code\bin;C:\Users\gnanii\AppData\Local\Programs\Python\Python35\Scripts\;C:\Users\gnanii\AppData\Local\Programs\Python\Python35\;C:\ProgramData\Oracle\Java\javapath;C:\WINDOWS\system32;C:\WINDOWS;C:\WINDOWS\System32\Wbem;C:\WINDOWS\System32\WindowsPowerShell\v1.0\;C:\Program Files\Git\cmd;C:\Program Files\nodejs\;C:\Program Files\Java\jdk1.7.0_80;C:\apache-maven-3.5.0\bin;C:\Program Files (x86)\Skype\Phone\;C:\Program Files\Symantec.cloud\PlatformAgent\;C:\Program Files\TortoiseSVN\bin;C:\Program Files\PostgreSQL\10\bin;C:\Users\gnanii\AppData\Local\Microsoft\WindowsApps;C:\Users\gnanii\AppData\Roaming\npm;;., surefire.test.class.path=D:\personal\ACS\AccessControlSystem\project\AccessControlSystem-Server\target\test-classes;D:\personal\ACS\AccessControlSystem\project\AccessControlSystem-Server\target\classes;C:\Users\gnanii\.m2\repository\org\springframework\boot\spring-boot-starter\2.0.5.RELEASE\spring-boot-starter-2.0.5.RELEASE.jar;C:\Users\gnanii\.m2\repository\org\springframework\boot\spring-boot\2.0.5.RELEASE\spring-boot-2.0.5.RELEASE.jar;C:\Users\gnanii\.m2\repository\org\springframework\spring-context\5.0.9.RELEASE\spring-context-5.0.9.RELEASE.jar;C:\Users\gnanii\.m2\repository\org\springframework\boot\spring-boot-autoconfigure\2.0.5.RELEASE\spring-boot-autoconfigure-2.0.5.RELEASE.jar;C:\Users\gnanii\.m2\repository\org\springframework\boot\spring-boot-starter-logging\2.0.5.RELEASE\spring-boot-starter-logging-2.0.5.RELEASE.jar;C:\Users\gnanii\.m2\repository\ch\qos\logback\logback-classic\1.2.3\logback-classic-1.2.3.jar;C:\Users\gnanii\.m2\repository\ch\qos\logback\logback-core\1.2.3\logback-core-1.2.3.jar;C:\Users\gnanii\.m2\repository\org\apache\logging\log4j\log4j-to-slf4j\2.10.0\log4j-to-slf4j-2.10.0.jar;C:\Users\gnanii\.m2\repository\org\apache\logging\log4j\log4j-api\2.10.0\log4j-api-2.10.0.jar;C:\Users\gnanii\.m2\repository\org\slf4j\jul-to-slf4j\1.7.25\jul-to-slf4j-1.7.25.jar;C:\Users\gnanii\.m2\repository\javax\annotation\javax.annotation-api\1.3.2\javax.annotation-api-1.3.2.jar;C:\Users\gnanii\.m2\repository\org\springframework\spring-core\5.0.9.RELEASE\spring-core-5.0.9.RELEASE.jar;C:\Users\gnanii\.m2\repository\org\springframework\spring-jcl\5.0.9.RELEASE\spring-jcl-5.0.9.RELEASE.jar;C:\Users\gnanii\.m2\repository\org\yaml\snakeyaml\1.19\snakeyaml-1.19.jar;C:\Users\gnanii\.m2\repository\org\springframework\boot\spring-boot-starter-data-rest\2.0.5.RELEASE\spring-boot-starter-data-rest-2.0.5.RELEASE.jar;C:\Users\gnanii\.m2\repository\org\springframework\boot\spring-boot-starter-json\2.0.5.RELEASE\spring-boot-starter-json-2.0.5.RELEASE.jar;C:\Users\gnanii\.m2\repository\com\fasterxml\jackson\datatype\jackson-datatype-jdk8\2.9.6\jackson-datatype-jdk8-2.9.6.jar;C:\Users\gnanii\.m2\repository\com\fasterxml\jackson\datatype\jackson-datatype-jsr310\2.9.6\jackson-datatype-jsr310-2.9.6.jar;C:\Users\gnanii\.m2\repository\com\fasterxml\jackson\module\jackson-module-parameter-names\2.9.6\jackson-module-parameter-names-2.9.6.jar;C:\Users\gnanii\.m2\repository\org\springframework\data\spring-data-rest-webmvc\3.0.10.RELEASE\spring-data-rest-webmvc-3.0.10.RELEASE.jar;C:\Users\gnanii\.m2\repository\org\springframework\data\spring-data-rest-core\3.0.10.RELEASE\spring-data-rest-core-3.0.10.RELEASE.jar;C:\Users\gnanii\.m2\repository\org\springframework\hateoas\spring-hateoas\0.25.0.RELEASE\spring-hateoas-0.25.0.RELEASE.jar;C:\Users\gnanii\.m2\repository\org\atteo\evo-inflector\1.2.2\evo-inflector-1.2.2.jar;C:\Users\gnanii\.m2\repository\org\springframework\boot\spring-boot-starter-test\2.0.5.RELEASE\spring-boot-starter-test-2.0.5.RELEASE.jar;C:\Users\gnanii\.m2\repository\org\springframework\boot\spring-boot-test\2.0.5.RELEASE\spring-boot-test-2.0.5.RELEASE.jar;C:\Users\gnanii\.m2\repository\org\springframework\boot\spring-boot-test-autoconfigure\2.0.5.RELEASE\spring-boot-test-autoconfigure-2.0.5.RELEASE.jar;C:\Users\gnanii\.m2\repository\com\jayway\jsonpath\json-path\2.4.0\json-path-2.4.0.jar;C:\Users\gnanii\.m2\repository\net\minidev\json-smart\2.3\json-smart-2.3.jar;C:\Users\gnanii\.m2\repository\net\minidev\accessors-smart\1.2\accessors-smart-1.2.jar;C:\Users\gnanii\.m2\repository\org\ow2\asm\asm\5.0.4\asm-5.0.4.jar;C:\Users\gnanii\.m2\repository\junit\junit\4.12\junit-4.12.jar;C:\Users\gnanii\.m2\repository\org\assertj\assertj-core\3.9.1\assertj-core-3.9.1.jar;C:\Users\gnanii\.m2\repository\org\mockito\mockito-core\2.15.0\mockito-core-2.15.0.jar;C:\Users\gnanii\.m2\repository\net\bytebuddy\byte-buddy\1.7.11\byte-buddy-1.7.11.jar;C:\Users\gnanii\.m2\repository\net\bytebuddy\byte-buddy-agent\1.7.11\byte-buddy-agent-1.7.11.jar;C:\Users\gnanii\.m2\repository\org\objenesis\objenesis\2.6\objenesis-2.6.jar;C:\Users\gnanii\.m2\repository\org\hamcrest\hamcrest-core\1.3\hamcrest-core-1.3.jar;C:\Users\gnanii\.m2\repository\org\hamcrest\hamcrest-library\1.3\hamcrest-library-1.3.jar;C:\Users\gnanii\.m2\repository\org\skyscreamer\jsonassert\1.5.0\jsonassert-1.5.0.jar;C:\Users\gnanii\.m2\repository\org\springframework\spring-test\5.0.9.RELEASE\spring-test-5.0.9.RELEASE.jar;C:\Users\gnanii\.m2\repository\org\xmlunit\xmlunit-core\2.5.1\xmlunit-core-2.5.1.jar;C:\Users\gnanii\.m2\repository\org\springframework\boot\spring-boot-starter-web\2.0.5.RELEASE\spring-boot-starter-web-2.0.5.RELEASE.jar;C:\Users\gnanii\.m2\repository\org\springframework\boot\spring-boot-starter-tomcat\2.0.5.RELEASE\spring-boot-starter-tomcat-2.0.5.RELEASE.jar;C:\Users\gnanii\.m2\repository\org\apache\tomcat\embed\tomcat-embed-core\8.5.34\tomcat-embed-core-8.5.34.jar;C:\Users\gnanii\.m2\repository\org\apache\tomcat\embed\tomcat-embed-el\8.5.34\tomcat-embed-el-8.5.34.jar;C:\Users\gnanii\.m2\repository\org\apache\tomcat\embed\tomcat-embed-websocket\8.5.34\tomcat-embed-websocket-8.5.34.jar;C:\Users\gnanii\.m2\repository\org\hibernate\validator\hibernate-validator\6.0.12.Final\hibernate-validator-6.0.12.Final.jar;C:\Users\gnanii\.m2\repository\javax\validation\validation-api\2.0.1.Final\validation-api-2.0.1.Final.jar;C:\Users\gnanii\.m2\repository\org\jboss\logging\jboss-logging\3.3.2.Final\jboss-logging-3.3.2.Final.jar;C:\Users\gnanii\.m2\repository\org\springframework\spring-web\5.0.9.RELEASE\spring-web-5.0.9.RELEASE.jar;C:\Users\gnanii\.m2\repository\org\springframework\spring-beans\5.0.9.RELEASE\spring-beans-5.0.9.RELEASE.jar;C:\Users\gnanii\.m2\repository\org\springframework\spring-webmvc\5.0.9.RELEASE\spring-webmvc-5.0.9.RELEASE.jar;C:\Users\gnanii\.m2\repository\org\springframework\spring-expression\5.0.9.RELEASE\spring-expression-5.0.9.RELEASE.jar;C:\Users\gnanii\.m2\repository\org\springframework\boot\spring-boot-starter-data-jpa\2.0.5.RELEASE\spring-boot-starter-data-jpa-2.0.5.RELEASE.jar;C:\Users\gnanii\.m2\repository\org\springframework\boot\spring-boot-starter-aop\2.0.5.RELEASE\spring-boot-starter-aop-2.0.5.RELEASE.jar;C:\Users\gnanii\.m2\repository\org\aspectj\aspectjweaver\1.8.13\aspectjweaver-1.8.13.jar;C:\Users\gnanii\.m2\repository\org\springframework\boot\spring-boot-starter-jdbc\2.0.5.RELEASE\spring-boot-starter-jdbc-2.0.5.RELEASE.jar;C:\Users\gnanii\.m2\repository\com\zaxxer\HikariCP\2.7.9\HikariCP-2.7.9.jar;C:\Users\gnanii\.m2\repository\org\springframework\spring-jdbc\5.0.9.RELEASE\spring-jdbc-5.0.9.RELEASE.jar;C:\Users\gnanii\.m2\repository\javax\transaction\javax.transaction-api\1.2\javax.transaction-api-1.2.jar;C:\Users\gnanii\.m2\repository\org\hibernate\hibernate-core\5.2.17.Final\hibernate-core-5.2.17.Final.jar;C:\Users\gnanii\.m2\repository\org\hibernate\javax\persistence\hibernate-jpa-2.1-api\1.0.2.Final\hibernate-jpa-2.1-api-1.0.2.Final.jar;C:\Users\gnanii\.m2\repository\org\javassist\javassist\3.22.0-GA\javassist-3.22.0-GA.jar;C:\Users\gnanii\.m2\repository\antlr\antlr\2.7.7\antlr-2.7.7.jar;C:\Users\gnanii\.m2\repository\org\jboss\jandex\2.0.3.Final\jandex-2.0.3.Final.jar;C:\Users\gnanii\.m2\repository\dom4j\dom4j\1.6.1\dom4j-1.6.1.jar;C:\Users\gnanii\.m2\repository\org\hibernate\common\hibernate-commons-annotations\5.0.1.Final\hibernate-commons-annotations-5.0.1.Final.jar;C:\Users\gnanii\.m2\repository\org\springframework\data\spring-data-jpa\2.0.10.RELEASE\spring-data-jpa-2.0.10.RELEASE.jar;C:\Users\gnanii\.m2\repository\org\springframework\data\spring-data-commons\2.0.10.RELEASE\spring-data-commons-2.0.10.RELEASE.jar;C:\Users\gnanii\.m2\repository\org\springframework\spring-orm\5.0.9.RELEASE\spring-orm-5.0.9.RELEASE.jar;C:\Users\gnanii\.m2\repository\org\springframework\spring-tx\5.0.9.RELEASE\spring-tx-5.0.9.RELEASE.jar;C:\Users\gnanii\.m2\repository\org\springframework\spring-aspects\5.0.9.RELEASE\spring-aspects-5.0.9.RELEASE.jar;C:\Users\gnanii\.m2\repository\org\postgresql\postgresql\42.2.2\postgresql-42.2.2.jar;C:\Users\gnanii\.m2\repository\org\liquibase\liquibase-core\3.5.5\liquibase-core-3.5.5.jar;C:\Users\gnanii\.m2\repository\org\springframework\boot\spring-boot-starter-security\2.0.5.RELEASE\spring-boot-starter-security-2.0.5.RELEASE.jar;C:\Users\gnanii\.m2\repository\org\springframework\spring-aop\5.0.9.RELEASE\spring-aop-5.0.9.RELEASE.jar;C:\Users\gnanii\.m2\repository\org\springframework\security\spring-security-config\5.0.8.RELEASE\spring-security-config-5.0.8.RELEASE.jar;C:\Users\gnanii\.m2\repository\org\springframework\security\spring-security-core\5.0.8.RELEASE\spring-security-core-5.0.8.RELEASE.jar;C:\Users\gnanii\.m2\repository\org\springframework\security\spring-security-web\5.0.8.RELEASE\spring-security-web-5.0.8.RELEASE.jar;C:\Users\gnanii\.m2\repository\org\springframework\security\oauth\boot\spring-security-oauth2-autoconfigure\2.0.0.RELEASE\spring-security-oauth2-autoconfigure-2.0.0.RELEASE.jar;C:\Users\gnanii\.m2\repository\com\fasterxml\jackson\core\jackson-annotations\2.9.0\jackson-annotations-2.9.0.jar;C:\Users\gnanii\.m2\repository\com\fasterxml\jackson\core\jackson-databind\2.9.6\jackson-databind-2.9.6.jar;C:\Users\gnanii\.m2\repository\com\fasterxml\jackson\core\jackson-core\2.9.6\jackson-core-2.9.6.jar;C:\Users\gnanii\.m2\repository\org\springframework\security\oauth\spring-security-oauth2\2.2.1.RELEASE\spring-security-oauth2-2.2.1.RELEASE.jar;C:\Users\gnanii\.m2\repository\org\codehaus\jackson\jackson-mapper-asl\1.9.13\jackson-mapper-asl-1.9.13.jar;C:\Users\gnanii\.m2\repository\org\codehaus\jackson\jackson-core-asl\1.9.13\jackson-core-asl-1.9.13.jar;C:\Users\gnanii\.m2\repository\org\springframework\security\spring-security-jwt\1.0.9.RELEASE\spring-security-jwt-1.0.9.RELEASE.jar;C:\Users\gnanii\.m2\repository\org\bouncycastle\bcpkix-jdk15on\1.56\bcpkix-jdk15on-1.56.jar;C:\Users\gnanii\.m2\repository\org\bouncycastle\bcprov-jdk15on\1.56\bcprov-jdk15on-1.56.jar;C:\Users\gnanii\.m2\repository\io\springfox\springfox-swagger2\2.6.1\springfox-swagger2-2.6.1.jar;C:\Users\gnanii\.m2\repository\io\swagger\swagger-annotations\1.5.10\swagger-annotations-1.5.10.jar;C:\Users\gnanii\.m2\repository\io\swagger\swagger-models\1.5.10\swagger-models-1.5.10.jar;C:\Users\gnanii\.m2\repository\io\springfox\springfox-spi\2.6.1\springfox-spi-2.6.1.jar;C:\Users\gnanii\.m2\repository\io\springfox\springfox-core\2.6.1\springfox-core-2.6.1.jar;C:\Users\gnanii\.m2\repository\io\springfox\springfox-schema\2.6.1\springfox-schema-2.6.1.jar;C:\Users\gnanii\.m2\repository\io\springfox\springfox-swagger-common\2.6.1\springfox-swagger-common-2.6.1.jar;C:\Users\gnanii\.m2\repository\io\springfox\springfox-spring-web\2.6.1\springfox-spring-web-2.6.1.jar;C:\Users\gnanii\.m2\repository\com\google\guava\guava\18.0\guava-18.0.jar;C:\Users\gnanii\.m2\repository\com\fasterxml\classmate\1.3.4\classmate-1.3.4.jar;C:\Users\gnanii\.m2\repository\org\slf4j\slf4j-api\1.7.25\slf4j-api-1.7.25.jar;C:\Users\gnanii\.m2\repository\org\springframework\plugin\spring-plugin-core\1.2.0.RELEASE\spring-plugin-core-1.2.0.RELEASE.jar;C:\Users\gnanii\.m2\repository\org\springframework\plugin\spring-plugin-metadata\1.2.0.RELEASE\spring-plugin-metadata-1.2.0.RELEASE.jar;C:\Users\gnanii\.m2\repository\org\mapstruct\mapstruct\1.0.0.Final\mapstruct-1.0.0.Final.jar;C:\Users\gnanii\.m2\repository\io\springfox\springfox-swagger-ui\2.6.1\springfox-swagger-ui-2.6.1.jar;C:\Users\gnanii\.m2\repository\com\auth0\java-jwt\3.4.0\java-jwt-3.4.0.jar;C:\Users\gnanii\.m2\repository\commons-codec\commons-codec\1.11\commons-codec-1.11.jar;C:\Users\gnanii\.m2\repository\org\modelmapper\modelmapper\2.3.2\modelmapper-2.3.2.jar;C:\Users\gnanii\.m2\repository\com\vaadin\external\google\android-json\0.0.20131108.vaadin1\android-json-0.0.20131108.vaadin1.jar;C:\Users\gnanii\.m2\repository\org\apache\commons\commons-lang3\3.4\commons-lang3-3.4.jar;C:\Users\gnanii\.m2\repository\org\junit\jupiter\junit-jupiter-api\5.4.2\junit-jupiter-api-5.4.2.jar;C:\Users\gnanii\.m2\repository\org\apiguardian\apiguardian-api\1.0.0\apiguardian-api-1.0.0.jar;C:\Users\gnanii\.m2\repository\org\opentest4j\opentest4j\1.1.1\opentest4j-1.1.1.jar;C:\Users\gnanii\.m2\repository\org\junit\platform\junit-platform-commons\1.4.2\junit-platform-commons-1.4.2.jar;C:\Users\gnanii\.m2\repository\org\mockito\mockito-junit-jupiter\2.23.0\mockito-junit-jupiter-2.23.0.jar;, java.specification.name=Java Platform API Specification, java.class.version=52.0, sun.management.compiler=HotSpot Client Compiler, os.version=10.0, user.home=C:\Users\gnanii, user.timezone=EET, java.awt.printerjob=sun.awt.windows.WPrinterJob, file.encoding=Cp1252, java.specification.version=1.8, java.class.path=D:\personal\ACS\AccessControlSystem\project\AccessControlSystem-Server\target\test-classes;D:\personal\ACS\AccessControlSystem\project\AccessControlSystem-Server\target\classes;C:\Users\gnanii\.m2\repository\org\springframework\boot\spring-boot-starter\2.0.5.RELEASE\spring-boot-starter-2.0.5.RELEASE.jar;C:\Users\gnanii\.m2\repository\org\springframework\boot\spring-boot\2.0.5.RELEASE\spring-boot-2.0.5.RELEASE.jar;C:\Users\gnanii\.m2\repository\org\springframework\spring-context\5.0.9.RELEASE\spring-context-5.0.9.RELEASE.jar;C:\Users\gnanii\.m2\repository\org\springframework\boot\spring-boot-autoconfigure\2.0.5.RELEASE\spring-boot-autoconfigure-2.0.5.RELEASE.jar;C:\Users\gnanii\.m2\repository\org\springframework\boot\spring-boot-starter-logging\2.0.5.RELEASE\spring-boot-starter-logging-2.0.5.RELEASE.jar;C:\Users\gnanii\.m2\repository\ch\qos\logback\logback-classic\1.2.3\logback-classic-1.2.3.jar;C:\Users\gnanii\.m2\repository\ch\qos\logback\logback-core\1.2.3\logback-core-1.2.3.jar;C:\Users\gnanii\.m2\repository\org\apache\logging\log4j\log4j-to-slf4j\2.10.0\log4j-to-slf4j-2.10.0.jar;C:\Users\gnanii\.m2\repository\org\apache\logging\log4j\log4j-api\2.10.0\log4j-api-2.10.0.jar;C:\Users\gnanii\.m2\repository\org\slf4j\jul-to-slf4j\1.7.25\jul-to-slf4j-1.7.25.jar;C:\Users\gnanii\.m2\repository\javax\annotation\javax.annotation-api\1.3.2\javax.annotation-api-1.3.2.jar;C:\Users\gnanii\.m2\repository\org\springframework\spring-core\5.0.9.RELEASE\spring-core-5.0.9.RELEASE.jar;C:\Users\gnanii\.m2\repository\org\springframework\spring-jcl\5.0.9.RELEASE\spring-jcl-5.0.9.RELEASE.jar;C:\Users\gnanii\.m2\repository\org\yaml\snakeyaml\1.19\snakeyaml-1.19.jar;C:\Users\gnanii\.m2\repository\org\springframework\boot\spring-boot-starter-data-rest\2.0.5.RELEASE\spring-boot-starter-data-rest-2.0.5.RELEASE.jar;C:\Users\gnanii\.m2\repository\org\springframework\boot\spring-boot-starter-json\2.0.5.RELEASE\spring-boot-starter-json-2.0.5.RELEASE.jar;C:\Users\gnanii\.m2\repository\com\fasterxml\jackson\datatype\jackson-datatype-jdk8\2.9.6\jackson-datatype-jdk8-2.9.6.jar;C:\Users\gnanii\.m2\repository\com\fasterxml\jackson\datatype\jackson-datatype-jsr310\2.9.6\jackson-datatype-jsr310-2.9.6.jar;C:\Users\gnanii\.m2\repository\com\fasterxml\jackson\module\jackson-module-parameter-names\2.9.6\jackson-module-parameter-names-2.9.6.jar;C:\Users\gnanii\.m2\repository\org\springframework\data\spring-data-rest-webmvc\3.0.10.RELEASE\spring-data-rest-webmvc-3.0.10.RELEASE.jar;C:\Users\gnanii\.m2\repository\org\springframework\data\spring-data-rest-core\3.0.10.RELEASE\spring-data-rest-core-3.0.10.RELEASE.jar;C:\Users\gnanii\.m2\repository\org\springframework\hateoas\spring-hateoas\0.25.0.RELEASE\spring-hateoas-0.25.0.RELEASE.jar;C:\Users\gnanii\.m2\repository\org\atteo\evo-inflector\1.2.2\evo-inflector-1.2.2.jar;C:\Users\gnanii\.m2\repository\org\springframework\boot\spring-boot-starter-test\2.0.5.RELEASE\spring-boot-starter-test-2.0.5.RELEASE.jar;C:\Users\gnanii\.m2\repository\org\springframework\boot\spring-boot-test\2.0.5.RELEASE\spring-boot-test-2.0.5.RELEASE.jar;C:\Users\gnanii\.m2\repository\org\springframework\boot\spring-boot-test-autoconfigure\2.0.5.RELEASE\spring-boot-test-autoconfigure-2.0.5.RELEASE.jar;C:\Users\gnanii\.m2\repository\com\jayway\jsonpath\json-path\2.4.0\json-path-2.4.0.jar;C:\Users\gnanii\.m2\repository\net\minidev\json-smart\2.3\json-smart-2.3.jar;C:\Users\gnanii\.m2\repository\net\minidev\accessors-smart\1.2\accessors-smart-1.2.jar;C:\Users\gnanii\.m2\repository\org\ow2\asm\asm\5.0.4\asm-5.0.4.jar;C:\Users\gnanii\.m2\repository\junit\junit\4.12\junit-4.12.jar;C:\Users\gnanii\.m2\repository\org\assertj\assertj-core\3.9.1\assertj-core-3.9.1.jar;C:\Users\gnanii\.m2\repository\org\mockito\mockito-core\2.15.0\mockito-core-2.15.0.jar;C:\Users\gnanii\.m2\repository\net\bytebuddy\byte-buddy\1.7.11\byte-buddy-1.7.11.jar;C:\Users\gnanii\.m2\repository\net\bytebuddy\byte-buddy-agent\1.7.11\byte-buddy-agent-1.7.11.jar;C:\Users\gnanii\.m2\repository\org\objenesis\objenesis\2.6\objenesis-2.6.jar;C:\Users\gnanii\.m2\repository\org\hamcrest\hamcrest-core\1.3\hamcrest-core-1.3.jar;C:\Users\gnanii\.m2\repository\org\hamcrest\hamcrest-library\1.3\hamcrest-library-1.3.jar;C:\Users\gnanii\.m2\repository\org\skyscreamer\jsonassert\1.5.0\jsonassert-1.5.0.jar;C:\Users\gnanii\.m2\repository\org\springframework\spring-test\5.0.9.RELEASE\spring-test-5.0.9.RELEASE.jar;C:\Users\gnanii\.m2\repository\org\xmlunit\xmlunit-core\2.5.1\xmlunit-core-2.5.1.jar;C:\Users\gnanii\.m2\repository\org\springframework\boot\spring-boot-starter-web\2.0.5.RELEASE\spring-boot-starter-web-2.0.5.RELEASE.jar;C:\Users\gnanii\.m2\repository\org\springframework\boot\spring-boot-starter-tomcat\2.0.5.RELEASE\spring-boot-starter-tomcat-2.0.5.RELEASE.jar;C:\Users\gnanii\.m2\repository\org\apache\tomcat\embed\tomcat-embed-core\8.5.34\tomcat-embed-core-8.5.34.jar;C:\Users\gnanii\.m2\repository\org\apache\tomcat\embed\tomcat-embed-el\8.5.34\tomcat-embed-el-8.5.34.jar;C:\Users\gnanii\.m2\repository\org\apache\tomcat\embed\tomcat-embed-websocket\8.5.34\tomcat-embed-websocket-8.5.34.jar;C:\Users\gnanii\.m2\repository\org\hibernate\validator\hibernate-validator\6.0.12.Final\hibernate-validator-6.0.12.Final.jar;C:\Users\gnanii\.m2\repository\javax\validation\validation-api\2.0.1.Final\validation-api-2.0.1.Final.jar;C:\Users\gnanii\.m2\repository\org\jboss\logging\jboss-logging\3.3.2.Final\jboss-logging-3.3.2.Final.jar;C:\Users\gnanii\.m2\repository\org\springframework\spring-web\5.0.9.RELEASE\spring-web-5.0.9.RELEASE.jar;C:\Users\gnanii\.m2\repository\org\springframework\spring-beans\5.0.9.RELEASE\spring-beans-5.0.9.RELEASE.jar;C:\Users\gnanii\.m2\repository\org\springframework\spring-webmvc\5.0.9.RELEASE\spring-webmvc-5.0.9.RELEASE.jar;C:\Users\gnanii\.m2\repository\org\springframework\spring-expression\5.0.9.RELEASE\spring-expression-5.0.9.RELEASE.jar;C:\Users\gnanii\.m2\repository\org\springframework\boot\spring-boot-starter-data-jpa\2.0.5.RELEASE\spring-boot-starter-data-jpa-2.0.5.RELEASE.jar;C:\Users\gnanii\.m2\repository\org\springframework\boot\spring-boot-starter-aop\2.0.5.RELEASE\spring-boot-starter-aop-2.0.5.RELEASE.jar;C:\Users\gnanii\.m2\repository\org\aspectj\aspectjweaver\1.8.13\aspectjweaver-1.8.13.jar;C:\Users\gnanii\.m2\repository\org\springframework\boot\spring-boot-starter-jdbc\2.0.5.RELEASE\spring-boot-starter-jdbc-2.0.5.RELEASE.jar;C:\Users\gnanii\.m2\repository\com\zaxxer\HikariCP\2.7.9\HikariCP-2.7.9.jar;C:\Users\gnanii\.m2\repository\org\springframework\spring-jdbc\5.0.9.RELEASE\spring-jdbc-5.0.9.RELEASE.jar;C:\Users\gnanii\.m2\repository\javax\transaction\javax.transaction-api\1.2\javax.transaction-api-1.2.jar;C:\Users\gnanii\.m2\repository\org\hibernate\hibernate-core\5.2.17.Final\hibernate-core-5.2.17.Final.jar;C:\Users\gnanii\.m2\repository\org\hibernate\javax\persistence\hibernate-jpa-2.1-api\1.0.2.Final\hibernate-jpa-2.1-api-1.0.2.Final.jar;C:\Users\gnanii\.m2\repository\org\javassist\javassist\3.22.0-GA\javassist-3.22.0-GA.jar;C:\Users\gnanii\.m2\repository\antlr\antlr\2.7.7\antlr-2.7.7.jar;C:\Users\gnanii\.m2\repository\org\jboss\jandex\2.0.3.Final\jandex-2.0.3.Final.jar;C:\Users\gnanii\.m2\repository\dom4j\dom4j\1.6.1\dom4j-1.6.1.jar;C:\Users\gnanii\.m2\repository\org\hibernate\common\hibernate-commons-annotations\5.0.1.Final\hibernate-commons-annotations-5.0.1.Final.jar;C:\Users\gnanii\.m2\repository\org\springframework\data\spring-data-jpa\2.0.10.RELEASE\spring-data-jpa-2.0.10.RELEASE.jar;C:\Users\gnanii\.m2\repository\org\springframework\data\spring-data-commons\2.0.10.RELEASE\spring-data-commons-2.0.10.RELEASE.jar;C:\Users\gnanii\.m2\repository\org\springframework\spring-orm\5.0.9.RELEASE\spring-orm-5.0.9.RELEASE.jar;C:\Users\gnanii\.m2\repository\org\springframework\spring-tx\5.0.9.RELEASE\spring-tx-5.0.9.RELEASE.jar;C:\Users\gnanii\.m2\repository\org\springframework\spring-aspects\5.0.9.RELEASE\spring-aspects-5.0.9.RELEASE.jar;C:\Users\gnanii\.m2\repository\org\postgresql\postgresql\42.2.2\postgresql-42.2.2.jar;C:\Users\gnanii\.m2\repository\org\liquibase\liquibase-core\3.5.5\liquibase-core-3.5.5.jar;C:\Users\gnanii\.m2\repository\org\springframework\boot\spring-boot-starter-security\2.0.5.RELEASE\spring-boot-starter-security-2.0.5.RELEASE.jar;C:\Users\gnanii\.m2\repository\org\springframework\spring-aop\5.0.9.RELEASE\spring-aop-5.0.9.RELEASE.jar;C:\Users\gnanii\.m2\repository\org\springframework\security\spring-security-config\5.0.8.RELEASE\spring-security-config-5.0.8.RELEASE.jar;C:\Users\gnanii\.m2\repository\org\springframework\security\spring-security-core\5.0.8.RELEASE\spring-security-core-5.0.8.RELEASE.jar;C:\Users\gnanii\.m2\repository\org\springframework\security\spring-security-web\5.0.8.RELEASE\spring-security-web-5.0.8.RELEASE.jar;C:\Users\gnanii\.m2\repository\org\springframework\security\oauth\boot\spring-security-oauth2-autoconfigure\2.0.0.RELEASE\spring-security-oauth2-autoconfigure-2.0.0.RELEASE.jar;C:\Users\gnanii\.m2\repository\com\fasterxml\jackson\core\jackson-annotations\2.9.0\jackson-annotations-2.9.0.jar;C:\Users\gnanii\.m2\repository\com\fasterxml\jackson\core\jackson-databind\2.9.6\jackson-databind-2.9.6.jar;C:\Users\gnanii\.m2\repository\com\fasterxml\jackson\core\jackson-core\2.9.6\jackson-core-2.9.6.jar;C:\Users\gnanii\.m2\repository\org\springframework\security\oauth\spring-security-oauth2\2.2.1.RELEASE\spring-security-oauth2-2.2.1.RELEASE.jar;C:\Users\gnanii\.m2\repository\org\codehaus\jackson\jackson-mapper-asl\1.9.13\jackson-mapper-asl-1.9.13.jar;C:\Users\gnanii\.m2\repository\org\codehaus\jackson\jackson-core-asl\1.9.13\jackson-core-asl-1.9.13.jar;C:\Users\gnanii\.m2\repository\org\springframework\security\spring-security-jwt\1.0.9.RELEASE\spring-security-jwt-1.0.9.RELEASE.jar;C:\Users\gnanii\.m2\repository\org\bouncycastle\bcpkix-jdk15on\1.56\bcpkix-jdk15on-1.56.jar;C:\Users\gnanii\.m2\repository\org\bouncycastle\bcprov-jdk15on\1.56\bcprov-jdk15on-1.56.jar;C:\Users\gnanii\.m2\repository\io\springfox\springfox-swagger2\2.6.1\springfox-swagger2-2.6.1.jar;C:\Users\gnanii\.m2\repository\io\swagger\swagger-annotations\1.5.10\swagger-annotations-1.5.10.jar;C:\Users\gnanii\.m2\repository\io\swagger\swagger-models\1.5.10\swagger-models-1.5.10.jar;C:\Users\gnanii\.m2\repository\io\springfox\springfox-spi\2.6.1\springfox-spi-2.6.1.jar;C:\Users\gnanii\.m2\repository\io\springfox\springfox-core\2.6.1\springfox-core-2.6.1.jar;C:\Users\gnanii\.m2\repository\io\springfox\springfox-schema\2.6.1\springfox-schema-2.6.1.jar;C:\Users\gnanii\.m2\repository\io\springfox\springfox-swagger-common\2.6.1\springfox-swagger-common-2.6.1.jar;C:\Users\gnanii\.m2\repository\io\springfox\springfox-spring-web\2.6.1\springfox-spring-web-2.6.1.jar;C:\Users\gnanii\.m2\repository\com\google\guava\guava\18.0\guava-18.0.jar;C:\Users\gnanii\.m2\repository\com\fasterxml\classmate\1.3.4\classmate-1.3.4.jar;C:\Users\gnanii\.m2\repository\org\slf4j\slf4j-api\1.7.25\slf4j-api-1.7.25.jar;C:\Users\gnanii\.m2\repository\org\springframework\plugin\spring-plugin-core\1.2.0.RELEASE\spring-plugin-core-1.2.0.RELEASE.jar;C:\Users\gnanii\.m2\repository\org\springframework\plugin\spring-plugin-metadata\1.2.0.RELEASE\spring-plugin-metadata-1.2.0.RELEASE.jar;C:\Users\gnanii\.m2\repository\org\mapstruct\mapstruct\1.0.0.Final\mapstruct-1.0.0.Final.jar;C:\Users\gnanii\.m2\repository\io\springfox\springfox-swagger-ui\2.6.1\springfox-swagger-ui-2.6.1.jar;C:\Users\gnanii\.m2\repository\com\auth0\java-jwt\3.4.0\java-jwt-3.4.0.jar;C:\Users\gnanii\.m2\repository\commons-codec\commons-codec\1.11\commons-codec-1.11.jar;C:\Users\gnanii\.m2\repository\org\modelmapper\modelmapper\2.3.2\modelmapper-2.3.2.jar;C:\Users\gnanii\.m2\repository\com\vaadin\external\google\android-json\0.0.20131108.vaadin1\android-json-0.0.20131108.vaadin1.jar;C:\Users\gnanii\.m2\repository\org\apache\commons\commons-lang3\3.4\commons-lang3-3.4.jar;C:\Users\gnanii\.m2\repository\org\junit\jupiter\junit-jupiter-api\5.4.2\junit-jupiter-api-5.4.2.jar;C:\Users\gnanii\.m2\repository\org\apiguardian\apiguardian-api\1.0.0\apiguardian-api-1.0.0.jar;C:\Users\gnanii\.m2\repository\org\opentest4j\opentest4j\1.1.1\opentest4j-1.1.1.jar;C:\Users\gnanii\.m2\repository\org\junit\platform\junit-platform-commons\1.4.2\junit-platform-commons-1.4.2.jar;C:\Users\gnanii\.m2\repository\org\mockito\mockito-junit-jupiter\2.23.0\mockito-junit-jupiter-2.23.0.jar;, user.name=gnanii, java.vm.specification.version=1.8, sun.java.command=C:\Users\gnanii\AppData\Local\Temp\surefire1658802995992462239\surefirebooter1077936759950058545.jar C:\Users\gnanii\AppData\Local\Temp\surefire1658802995992462239 2019-05-26T23-09-18_643-jvmRun1 surefire1332485706811814355tmp surefire_04273856218982545056tmp, java.home=C:\Program Files (x86)\Java\jdk1.8.0_144\jre, sun.arch.data.model=32, user.language=en, java.specification.vendor=Oracle Corporation, awt.toolkit=sun.awt.windows.WToolkit, java.vm.info=mixed mode, java.version=1.8.0_144, java.ext.dirs=C:\Program Files (x86)\Java\jdk1.8.0_144\jre\lib\ext;C:\WINDOWS\Sun\Java\lib\ext, sun.boot.class.path=C:\Program Files (x86)\Java\jdk1.8.0_144\jre\lib\resources.jar;C:\Program Files (x86)\Java\jdk1.8.0_144\jre\lib\rt.jar;C:\Program Files (x86)\Java\jdk1.8.0_144\jre\lib\sunrsasign.jar;C:\Program Files (x86)\Java\jdk1.8.0_144\jre\lib\jsse.jar;C:\Program Files (x86)\Java\jdk1.8.0_144\jre\lib\jce.jar;C:\Program Files (x86)\Java\jdk1.8.0_144\jre\lib\charsets.jar;C:\Program Files (x86)\Java\jdk1.8.0_144\jre\lib\jfr.jar;C:\Program Files (x86)\Java\jdk1.8.0_144\jre\classes, java.vendor=Oracle Corporation, localRepository=C:\Users\gnanii\.m2\repository, file.separator=\, java.vendor.url.bug=http://bugreport.sun.com/bugreport/, sun.io.unicode.encoding=UnicodeLittle, sun.cpu.endian=little, sun.desktop=windows, sun.cpu.isalist=pentium_pro+mmx pentium_pro pentium+mmx pentium i486 i386 i86}}, SystemEnvironmentPropertySource@17575531 {name='systemEnvironment', properties={PATH=C:\Program Files\Kerio\Outlook Connector (Offline Edition)\;C:\oracle\product\11.2.0\dbhome_1\bin;C:\ProgramData\Oracle\Java\javapath;C:\WINDOWS\system32;C:\WINDOWS;C:\WINDOWS\System32\Wbem;C:\WINDOWS\System32\WindowsPowerShell\v1.0\;C:\Program Files\Git\cmd;C:\Program Files\Java\jdk1.7.0_80;C:\apache-maven-3.5.0\bin;C:\Program Files\Symantec.cloud\PlatformAgent\;C:\Program Files\TortoiseSVN\bin;C:\Program Files\PostgreSQL\10\bin;C:\Users\gnanii\AppData\Local\Programs\Python\Python35\;C:\Users\gnanii\AppData\Local\Programs\Python\Python35\Scripts\;C:\Users\gnanii\AppData\Roaming\npm;C:\WINDOWS\System32\OpenSSH\;C:\Program Files\nodejs\;C:\Program Files\PuTTY\;D:\install\liqubase;C:\TDM-GCC-64\bin;;C:\Program Files\Microsoft VS Code\bin;C:\Users\gnanii\AppData\Local\Programs\Python\Python35\Scripts\;C:\Users\gnanii\AppData\Local\Programs\Python\Python35\;C:\ProgramData\Oracle\Java\javapath;C:\WINDOWS\system32;C:\WINDOWS;C:\WINDOWS\System32\Wbem;C:\WINDOWS\System32\WindowsPowerShell\v1.0\;C:\Program Files\Git\cmd;C:\Program Files\nodejs\;C:\Program Files\Java\jdk1.7.0_80;C:\apache-maven-3.5.0\bin;C:\Program Files (x86)\Skype\Phone\;C:\Program Files\Symantec.cloud\PlatformAgent\;C:\Program Files\TortoiseSVN\bin;C:\Program Files\PostgreSQL\10\bin;C:\Users\gnanii\AppData\Local\Microsoft\WindowsApps;C:\Users\gnanii\AppData\Roaming\npm;, USERDOMAIN_ROAMINGPROFILE=INTHER, PROCESSOR_LEVEL=6, SYSTEMDRIVE=C:, INTHERLC_INSTALLDIR=D:\IntherLC, SESSIONNAME=Console, ALLUSERSPROFILE=C:\ProgramData, PROCESSOR_ARCHITECTURE=x86, TNS_ADMIN=C:\oracle\product\11.2.0\dbhome_1\network\admin, DRIVERDATA=C:\Windows\System32\Drivers\DriverData, MAVEN_HOME=D:\TEST\environment\apache-maven-3.0.4, PROGRAMFILES=C:\Program Files (x86), PSMODULEPATH=C:\Program Files\WindowsPowerShell\Modules;C:\WINDOWS\system32\WindowsPowerShell\v1.0\Modules, PROGRAMDATA=C:\ProgramData, USERNAME=gnanii, USERDNSDOMAIN=INTHER.LOCAL, FPS_BROWSER_USER_PROFILE_STRING=Default, ONEDRIVE=C:\Users\gnanii\OneDrive, PATHEXT=.COM;.EXE;.BAT;.CMD;.VBS;.VBE;.JS;.JSE;.WSF;.WSH;.MSC, PROCESSOR_ARCHITEW6432=AMD64, WINDIR=C:\WINDOWS, HOMEPATH=\Users\gnanii, PROCESSOR_IDENTIFIER=Intel64 Family 6 Model 158 Stepping 9, GenuineIntel, M2_HOME=D:\TEST\environment\apache-maven-3.0.4, PUBLIC=C:\Users\Public, =::=::\, LOCALAPPDATA=C:\Users\gnanii\AppData\Local, COMMONPROGRAMFILES(X86)=C:\Program Files (x86)\Common Files, USERDOMAIN=INTHER, FPS_BROWSER_APP_PROFILE_STRING=Internet Explorer, LOGONSERVER=\\NL-DC01, JAVA_HOME=C:\Program Files\Java\jdk1.7.0_80, PROMPT=$P$G, PROGRAMFILES(X86)=C:\Program Files (x86), APPDATA=C:\Users\gnanii\AppData\Roaming, PROGRAMW6432=C:\Program Files, SYSTEMROOT=C:\WINDOWS, ORACLE_HOME=C:\oracle\product\11.2.0\dbhome_1, VBOX_MSI_INSTALL_PATH=C:\Program Files\Oracle\VirtualBox\, OS=Windows_NT, COMMONPROGRAMW6432=C:\Program Files\Common Files, COMPUTERNAME=LT-GNANII, COMMONPROGRAMFILES=C:\Program Files (x86)\Common Files, COMSPEC=C:\WINDOWS\system32\cmd.exe, PROCESSOR_REVISION=9e09, =D:=D:\personal\ACS\AccessControlSystem\project\AccessControlSystem-Server, TEMP=C:\Users\gnanii\AppData\Local\Temp, HOMEDRIVE=C:, USERPROFILE=C:\Users\gnanii, TMP=C:\Users\gnanii\AppData\Local\Temp, NUMBER_OF_PROCESSORS=8, POSTGRESQL_HOME=C:\Program Files\PostgreSQL\10}}]
23:09:20.869 [main] DEBUG org.springframework.core.io.support.PathMatchingResourcePatternResolver - Resolved classpath location [com/acs/configuration/] to resources [URL [file:/D:/personal/ACS/AccessControlSystem/project/AccessControlSystem-Server/target/test-classes/com/acs/configuration/], URL [file:/D:/personal/ACS/AccessControlSystem/project/AccessControlSystem-Server/target/classes/com/acs/configuration/]]
23:09:20.870 [main] DEBUG org.springframework.core.io.support.PathMatchingResourcePatternResolver - Looking for matching resources in directory tree [D:\personal\ACS\AccessControlSystem\project\AccessControlSystem-Server\target\test-classes\com\acs\configuration]
23:09:20.870 [main] DEBUG org.springframework.core.io.support.PathMatchingResourcePatternResolver - Searching directory [D:\personal\ACS\AccessControlSystem\project\AccessControlSystem-Server\target\test-classes\com\acs\configuration] for files matching pattern [D:/personal/ACS/AccessControlSystem/project/AccessControlSystem-Server/target/test-classes/com/acs/configuration/*.class]
23:09:20.873 [main] DEBUG org.springframework.core.io.support.PathMatchingResourcePatternResolver - Looking for matching resources in directory tree [D:\personal\ACS\AccessControlSystem\project\AccessControlSystem-Server\target\classes\com\acs\configuration]
23:09:20.873 [main] DEBUG org.springframework.core.io.support.PathMatchingResourcePatternResolver - Searching directory [D:\personal\ACS\AccessControlSystem\project\AccessControlSystem-Server\target\classes\com\acs\configuration] for files matching pattern [D:/personal/ACS/AccessControlSystem/project/AccessControlSystem-Server/target/classes/com/acs/configuration/*.class]
23:09:20.874 [main] DEBUG org.springframework.core.io.support.PathMatchingResourcePatternResolver - Resolved location pattern [classpath*:com/acs/configuration/*.class] to resources [file [D:\personal\ACS\AccessControlSystem\project\AccessControlSystem-Server\target\test-classes\com\acs\configuration\AccessControlSystemApplicationTests.class], file [D:\personal\ACS\AccessControlSystem\project\AccessControlSystem-Server\target\classes\com\acs\configuration\AccessControlSystemApplication.class]]
23:09:20.971 [main] DEBUG org.springframework.context.annotation.ClassPathScanningCandidateComponentProvider - Identified candidate component class: file [D:\personal\ACS\AccessControlSystem\project\AccessControlSystem-Server\target\classes\com\acs\configuration\AccessControlSystemApplication.class]
23:09:20.973 [main] INFO org.springframework.boot.test.context.SpringBootTestContextBootstrapper - Found @SpringBootConfiguration com.acs.configuration.AccessControlSystemApplication for test class com.acs.configuration.AccessControlSystemApplicationTests
23:09:21.274 [main] DEBUG org.springframework.boot.test.context.SpringBootTestContextBootstrapper - @TestExecutionListeners is not present for class [com.acs.configuration.AccessControlSystemApplicationTests]: using defaults.
23:09:21.275 [main] INFO org.springframework.boot.test.context.SpringBootTestContextBootstrapper - Loaded default TestExecutionListener class names from location [META-INF/spring.factories]: [org.springframework.boot.test.mock.mockito.MockitoTestExecutionListener, org.springframework.boot.test.mock.mockito.ResetMocksTestExecutionListener, org.springframework.boot.test.autoconfigure.restdocs.RestDocsTestExecutionListener, org.springframework.boot.test.autoconfigure.web.client.MockRestServiceServerResetTestExecutionListener, org.springframework.boot.test.autoconfigure.web.servlet.MockMvcPrintOnlyOnFailureTestExecutionListener, org.springframework.boot.test.autoconfigure.web.servlet.WebDriverTestExecutionListener, org.springframework.test.context.web.ServletTestExecutionListener, org.springframework.test.context.support.DirtiesContextBeforeModesTestExecutionListener, org.springframework.test.context.support.DependencyInjectionTestExecutionListener, org.springframework.test.context.support.DirtiesContextTestExecutionListener, org.springframework.test.context.transaction.TransactionalTestExecutionListener, org.springframework.test.context.jdbc.SqlScriptsTestExecutionListener]
23:09:21.298 [main] INFO org.springframework.boot.test.context.SpringBootTestContextBootstrapper - Using TestExecutionListeners: [org.springframework.test.context.web.ServletTestExecutionListener@1250572, org.springframework.test.context.support.DirtiesContextBeforeModesTestExecutionListener@9159b, org.springframework.boot.test.mock.mockito.MockitoTestExecutionListener@118cddf, org.springframework.boot.test.autoconfigure.SpringBootDependencyInjectionTestExecutionListener@1a7f733, org.springframework.test.context.support.DirtiesContextTestExecutionListener@567e20, org.springframework.test.context.transaction.TransactionalTestExecutionListener@ed1b7c, org.springframework.test.context.jdbc.SqlScriptsTestExecutionListener@1fc564b, org.springframework.boot.test.mock.mockito.ResetMocksTestExecutionListener@14a2528, org.springframework.boot.test.autoconfigure.restdocs.RestDocsTestExecutionListener@36eb5f, org.springframework.boot.test.autoconfigure.web.client.MockRestServiceServerResetTestExecutionListener@1e2a9e, org.springframework.boot.test.autoconfigure.web.servlet.MockMvcPrintOnlyOnFailureTestExecutionListener@1a36558, org.springframework.boot.test.autoconfigure.web.servlet.WebDriverTestExecutionListener@12872e1]
23:09:21.300 [main] DEBUG org.springframework.test.annotation.ProfileValueUtils - Retrieved @ProfileValueSourceConfiguration [null] for test class [com.acs.configuration.AccessControlSystemApplicationTests]
23:09:21.300 [main] DEBUG org.springframework.test.annotation.ProfileValueUtils - Retrieved ProfileValueSource type [class org.springframework.test.annotation.SystemProfileValueSource] for class [com.acs.configuration.AccessControlSystemApplicationTests]
23:09:21.302 [main] DEBUG org.springframework.test.annotation.ProfileValueUtils - Retrieved @ProfileValueSourceConfiguration [null] for test class [com.acs.configuration.AccessControlSystemApplicationTests]
23:09:21.302 [main] DEBUG org.springframework.test.annotation.ProfileValueUtils - Retrieved ProfileValueSource type [class org.springframework.test.annotation.SystemProfileValueSource] for class [com.acs.configuration.AccessControlSystemApplicationTests]
23:09:21.302 [main] DEBUG org.springframework.test.annotation.ProfileValueUtils - Retrieved @ProfileValueSourceConfiguration [null] for test class [com.acs.configuration.AccessControlSystemApplicationTests]
23:09:21.302 [main] DEBUG org.springframework.test.annotation.ProfileValueUtils - Retrieved ProfileValueSource type [class org.springframework.test.annotation.SystemProfileValueSource] for class [com.acs.configuration.AccessControlSystemApplicationTests]
23:09:21.306 [main] DEBUG org.springframework.test.context.support.AbstractDirtiesContextTestExecutionListener - Before test class: context [DefaultTestContext@1f0219d testClass = AccessControlSystemApplicationTests, testInstance = [null], testMethod = [null], testException = [null], mergedContextConfiguration = [WebMergedContextConfiguration@1d0c991 testClass = AccessControlSystemApplicationTests, locations = '{}', classes = '{class com.acs.configuration.AccessControlSystemApplication}', contextInitializerClasses = '[]', activeProfiles = '{}', propertySourceLocations = '{}', propertySourceProperties = '{org.springframework.boot.test.context.SpringBootTestContextBootstrapper=true}', contextCustomizers = set[org.springframework.boot.test.context.filter.ExcludeFilterContextCustomizer@17776a8, org.springframework.boot.test.json.DuplicateJsonObjectContextCustomizerFactory$DuplicateJsonObjectContextCustomizer@1baf4f0, org.springframework.boot.test.mock.mockito.MockitoContextCustomizer@0, org.springframework.boot.test.web.client.TestRestTemplateContextCustomizer@396c1e, org.springframework.boot.test.autoconfigure.properties.PropertyMappingContextCustomizer@0, org.springframework.boot.test.autoconfigure.web.servlet.WebDriverContextCustomizerFactory$Customizer@a50da], resourceBasePath = 'src/main/webapp', contextLoader = 'org.springframework.boot.test.context.SpringBootContextLoader', parent = [null]], attributes = map['org.springframework.test.context.web.ServletTestExecutionListener.activateListener' -> true]], class annotated with @DirtiesContext [false] with mode [null].
23:09:21.307 [main] DEBUG org.springframework.test.annotation.ProfileValueUtils - Retrieved @ProfileValueSourceConfiguration [null] for test class [com.acs.configuration.AccessControlSystemApplicationTests]
23:09:21.307 [main] DEBUG org.springframework.test.annotation.ProfileValueUtils - Retrieved ProfileValueSource type [class org.springframework.test.annotation.SystemProfileValueSource] for class [com.acs.configuration.AccessControlSystemApplicationTests]
23:09:21.330 [main] DEBUG org.springframework.core.env.StandardEnvironment - Adding PropertySource 'systemProperties' with lowest search precedence
23:09:21.330 [main] DEBUG org.springframework.core.env.StandardEnvironment - Adding PropertySource 'systemEnvironment' with lowest search precedence
23:09:21.330 [main] DEBUG org.springframework.core.env.StandardEnvironment - Initialized StandardEnvironment with PropertySources [MapPropertySource@31579432 {name='systemProperties', properties={idea.version=2018.2.4, java.runtime.name=Java(TM) SE Runtime Environment, sun.boot.library.path=C:\Program Files (x86)\Java\jdk1.8.0_144\jre\bin, java.vm.version=25.144-b01, java.vm.vendor=Oracle Corporation, java.vendor.url=http://java.oracle.com/, path.separator=;, java.vm.name=Java HotSpot(TM) Client VM, file.encoding.pkg=sun.io, user.country=GB, user.script=, sun.java.launcher=SUN_STANDARD, sun.os.patch.level=, java.vm.specification.name=Java Virtual Machine Specification, user.dir=D:\personal\ACS\AccessControlSystem\project\AccessControlSystem-Server, java.runtime.version=1.8.0_144-b01, basedir=D:\personal\ACS\AccessControlSystem\project\AccessControlSystem-Server, java.awt.graphicsenv=sun.awt.Win32GraphicsEnvironment, java.endorsed.dirs=C:\Program Files (x86)\Java\jdk1.8.0_144\jre\lib\endorsed, os.arch=x86, surefire.real.class.path=C:\Users\gnanii\AppData\Local\Temp\surefire1658802995992462239\surefirebooter1077936759950058545.jar, java.io.tmpdir=C:\Users\gnanii\AppData\Local\Temp\, line.separator=
, java.vm.specification.vendor=Oracle Corporation, user.variant=, os.name=Windows 10, sun.jnu.encoding=Cp1252, java.library.path=C:\Program Files (x86)\Java\jdk1.8.0_144\jre\bin;C:\WINDOWS\Sun\Java\bin;C:\WINDOWS\system32;C:\WINDOWS;C:\Program Files\Kerio\Outlook Connector (Offline Edition)\;C:\oracle\product\11.2.0\dbhome_1\bin;C:\ProgramData\Oracle\Java\javapath;C:\WINDOWS\system32;C:\WINDOWS;C:\WINDOWS\System32\Wbem;C:\WINDOWS\System32\WindowsPowerShell\v1.0\;C:\Program Files\Git\cmd;C:\Program Files\Java\jdk1.7.0_80;C:\apache-maven-3.5.0\bin;C:\Program Files\Symantec.cloud\PlatformAgent\;C:\Program Files\TortoiseSVN\bin;C:\Program Files\PostgreSQL\10\bin;C:\Users\gnanii\AppData\Local\Programs\Python\Python35\;C:\Users\gnanii\AppData\Local\Programs\Python\Python35\Scripts\;C:\Users\gnanii\AppData\Roaming\npm;C:\WINDOWS\System32\OpenSSH\;C:\Program Files\nodejs\;C:\Program Files\PuTTY\;D:\install\liqubase;C:\TDM-GCC-64\bin;;C:\Program Files\Microsoft VS Code\bin;C:\Users\gnanii\AppData\Local\Programs\Python\Python35\Scripts\;C:\Users\gnanii\AppData\Local\Programs\Python\Python35\;C:\ProgramData\Oracle\Java\javapath;C:\WINDOWS\system32;C:\WINDOWS;C:\WINDOWS\System32\Wbem;C:\WINDOWS\System32\WindowsPowerShell\v1.0\;C:\Program Files\Git\cmd;C:\Program Files\nodejs\;C:\Program Files\Java\jdk1.7.0_80;C:\apache-maven-3.5.0\bin;C:\Program Files (x86)\Skype\Phone\;C:\Program Files\Symantec.cloud\PlatformAgent\;C:\Program Files\TortoiseSVN\bin;C:\Program Files\PostgreSQL\10\bin;C:\Users\gnanii\AppData\Local\Microsoft\WindowsApps;C:\Users\gnanii\AppData\Roaming\npm;;., surefire.test.class.path=D:\personal\ACS\AccessControlSystem\project\AccessControlSystem-Server\target\test-classes;D:\personal\ACS\AccessControlSystem\project\AccessControlSystem-Server\target\classes;C:\Users\gnanii\.m2\repository\org\springframework\boot\spring-boot-starter\2.0.5.RELEASE\spring-boot-starter-2.0.5.RELEASE.jar;C:\Users\gnanii\.m2\repository\org\springframework\boot\spring-boot\2.0.5.RELEASE\spring-boot-2.0.5.RELEASE.jar;C:\Users\gnanii\.m2\repository\org\springframework\spring-context\5.0.9.RELEASE\spring-context-5.0.9.RELEASE.jar;C:\Users\gnanii\.m2\repository\org\springframework\boot\spring-boot-autoconfigure\2.0.5.RELEASE\spring-boot-autoconfigure-2.0.5.RELEASE.jar;C:\Users\gnanii\.m2\repository\org\springframework\boot\spring-boot-starter-logging\2.0.5.RELEASE\spring-boot-starter-logging-2.0.5.RELEASE.jar;C:\Users\gnanii\.m2\repository\ch\qos\logback\logback-classic\1.2.3\logback-classic-1.2.3.jar;C:\Users\gnanii\.m2\repository\ch\qos\logback\logback-core\1.2.3\logback-core-1.2.3.jar;C:\Users\gnanii\.m2\repository\org\apache\logging\log4j\log4j-to-slf4j\2.10.0\log4j-to-slf4j-2.10.0.jar;C:\Users\gnanii\.m2\repository\org\apache\logging\log4j\log4j-api\2.10.0\log4j-api-2.10.0.jar;C:\Users\gnanii\.m2\repository\org\slf4j\jul-to-slf4j\1.7.25\jul-to-slf4j-1.7.25.jar;C:\Users\gnanii\.m2\repository\javax\annotation\javax.annotation-api\1.3.2\javax.annotation-api-1.3.2.jar;C:\Users\gnanii\.m2\repository\org\springframework\spring-core\5.0.9.RELEASE\spring-core-5.0.9.RELEASE.jar;C:\Users\gnanii\.m2\repository\org\springframework\spring-jcl\5.0.9.RELEASE\spring-jcl-5.0.9.RELEASE.jar;C:\Users\gnanii\.m2\repository\org\yaml\snakeyaml\1.19\snakeyaml-1.19.jar;C:\Users\gnanii\.m2\repository\org\springframework\boot\spring-boot-starter-data-rest\2.0.5.RELEASE\spring-boot-starter-data-rest-2.0.5.RELEASE.jar;C:\Users\gnanii\.m2\repository\org\springframework\boot\spring-boot-starter-json\2.0.5.RELEASE\spring-boot-starter-json-2.0.5.RELEASE.jar;C:\Users\gnanii\.m2\repository\com\fasterxml\jackson\datatype\jackson-datatype-jdk8\2.9.6\jackson-datatype-jdk8-2.9.6.jar;C:\Users\gnanii\.m2\repository\com\fasterxml\jackson\datatype\jackson-datatype-jsr310\2.9.6\jackson-datatype-jsr310-2.9.6.jar;C:\Users\gnanii\.m2\repository\com\fasterxml\jackson\module\jackson-module-parameter-names\2.9.6\jackson-module-parameter-names-2.9.6.jar;C:\Users\gnanii\.m2\repository\org\springframework\data\spring-data-rest-webmvc\3.0.10.RELEASE\spring-data-rest-webmvc-3.0.10.RELEASE.jar;C:\Users\gnanii\.m2\repository\org\springframework\data\spring-data-rest-core\3.0.10.RELEASE\spring-data-rest-core-3.0.10.RELEASE.jar;C:\Users\gnanii\.m2\repository\org\springframework\hateoas\spring-hateoas\0.25.0.RELEASE\spring-hateoas-0.25.0.RELEASE.jar;C:\Users\gnanii\.m2\repository\org\atteo\evo-inflector\1.2.2\evo-inflector-1.2.2.jar;C:\Users\gnanii\.m2\repository\org\springframework\boot\spring-boot-starter-test\2.0.5.RELEASE\spring-boot-starter-test-2.0.5.RELEASE.jar;C:\Users\gnanii\.m2\repository\org\springframework\boot\spring-boot-test\2.0.5.RELEASE\spring-boot-test-2.0.5.RELEASE.jar;C:\Users\gnanii\.m2\repository\org\springframework\boot\spring-boot-test-autoconfigure\2.0.5.RELEASE\spring-boot-test-autoconfigure-2.0.5.RELEASE.jar;C:\Users\gnanii\.m2\repository\com\jayway\jsonpath\json-path\2.4.0\json-path-2.4.0.jar;C:\Users\gnanii\.m2\repository\net\minidev\json-smart\2.3\json-smart-2.3.jar;C:\Users\gnanii\.m2\repository\net\minidev\accessors-smart\1.2\accessors-smart-1.2.jar;C:\Users\gnanii\.m2\repository\org\ow2\asm\asm\5.0.4\asm-5.0.4.jar;C:\Users\gnanii\.m2\repository\junit\junit\4.12\junit-4.12.jar;C:\Users\gnanii\.m2\repository\org\assertj\assertj-core\3.9.1\assertj-core-3.9.1.jar;C:\Users\gnanii\.m2\repository\org\mockito\mockito-core\2.15.0\mockito-core-2.15.0.jar;C:\Users\gnanii\.m2\repository\net\bytebuddy\byte-buddy\1.7.11\byte-buddy-1.7.11.jar;C:\Users\gnanii\.m2\repository\net\bytebuddy\byte-buddy-agent\1.7.11\byte-buddy-agent-1.7.11.jar;C:\Users\gnanii\.m2\repository\org\objenesis\objenesis\2.6\objenesis-2.6.jar;C:\Users\gnanii\.m2\repository\org\hamcrest\hamcrest-core\1.3\hamcrest-core-1.3.jar;C:\Users\gnanii\.m2\repository\org\hamcrest\hamcrest-library\1.3\hamcrest-library-1.3.jar;C:\Users\gnanii\.m2\repository\org\skyscreamer\jsonassert\1.5.0\jsonassert-1.5.0.jar;C:\Users\gnanii\.m2\repository\org\springframework\spring-test\5.0.9.RELEASE\spring-test-5.0.9.RELEASE.jar;C:\Users\gnanii\.m2\repository\org\xmlunit\xmlunit-core\2.5.1\xmlunit-core-2.5.1.jar;C:\Users\gnanii\.m2\repository\org\springframework\boot\spring-boot-starter-web\2.0.5.RELEASE\spring-boot-starter-web-2.0.5.RELEASE.jar;C:\Users\gnanii\.m2\repository\org\springframework\boot\spring-boot-starter-tomcat\2.0.5.RELEASE\spring-boot-starter-tomcat-2.0.5.RELEASE.jar;C:\Users\gnanii\.m2\repository\org\apache\tomcat\embed\tomcat-embed-core\8.5.34\tomcat-embed-core-8.5.34.jar;C:\Users\gnanii\.m2\repository\org\apache\tomcat\embed\tomcat-embed-el\8.5.34\tomcat-embed-el-8.5.34.jar;C:\Users\gnanii\.m2\repository\org\apache\tomcat\embed\tomcat-embed-websocket\8.5.34\tomcat-embed-websocket-8.5.34.jar;C:\Users\gnanii\.m2\repository\org\hibernate\validator\hibernate-validator\6.0.12.Final\hibernate-validator-6.0.12.Final.jar;C:\Users\gnanii\.m2\repository\javax\validation\validation-api\2.0.1.Final\validation-api-2.0.1.Final.jar;C:\Users\gnanii\.m2\repository\org\jboss\logging\jboss-logging\3.3.2.Final\jboss-logging-3.3.2.Final.jar;C:\Users\gnanii\.m2\repository\org\springframework\spring-web\5.0.9.RELEASE\spring-web-5.0.9.RELEASE.jar;C:\Users\gnanii\.m2\repository\org\springframework\spring-beans\5.0.9.RELEASE\spring-beans-5.0.9.RELEASE.jar;C:\Users\gnanii\.m2\repository\org\springframework\spring-webmvc\5.0.9.RELEASE\spring-webmvc-5.0.9.RELEASE.jar;C:\Users\gnanii\.m2\repository\org\springframework\spring-expression\5.0.9.RELEASE\spring-expression-5.0.9.RELEASE.jar;C:\Users\gnanii\.m2\repository\org\springframework\boot\spring-boot-starter-data-jpa\2.0.5.RELEASE\spring-boot-starter-data-jpa-2.0.5.RELEASE.jar;C:\Users\gnanii\.m2\repository\org\springframework\boot\spring-boot-starter-aop\2.0.5.RELEASE\spring-boot-starter-aop-2.0.5.RELEASE.jar;C:\Users\gnanii\.m2\repository\org\aspectj\aspectjweaver\1.8.13\aspectjweaver-1.8.13.jar;C:\Users\gnanii\.m2\repository\org\springframework\boot\spring-boot-starter-jdbc\2.0.5.RELEASE\spring-boot-starter-jdbc-2.0.5.RELEASE.jar;C:\Users\gnanii\.m2\repository\com\zaxxer\HikariCP\2.7.9\HikariCP-2.7.9.jar;C:\Users\gnanii\.m2\repository\org\springframework\spring-jdbc\5.0.9.RELEASE\spring-jdbc-5.0.9.RELEASE.jar;C:\Users\gnanii\.m2\repository\javax\transaction\javax.transaction-api\1.2\javax.transaction-api-1.2.jar;C:\Users\gnanii\.m2\repository\org\hibernate\hibernate-core\5.2.17.Final\hibernate-core-5.2.17.Final.jar;C:\Users\gnanii\.m2\repository\org\hibernate\javax\persistence\hibernate-jpa-2.1-api\1.0.2.Final\hibernate-jpa-2.1-api-1.0.2.Final.jar;C:\Users\gnanii\.m2\repository\org\javassist\javassist\3.22.0-GA\javassist-3.22.0-GA.jar;C:\Users\gnanii\.m2\repository\antlr\antlr\2.7.7\antlr-2.7.7.jar;C:\Users\gnanii\.m2\repository\org\jboss\jandex\2.0.3.Final\jandex-2.0.3.Final.jar;C:\Users\gnanii\.m2\repository\dom4j\dom4j\1.6.1\dom4j-1.6.1.jar;C:\Users\gnanii\.m2\repository\org\hibernate\common\hibernate-commons-annotations\5.0.1.Final\hibernate-commons-annotations-5.0.1.Final.jar;C:\Users\gnanii\.m2\repository\org\springframework\data\spring-data-jpa\2.0.10.RELEASE\spring-data-jpa-2.0.10.RELEASE.jar;C:\Users\gnanii\.m2\repository\org\springframework\data\spring-data-commons\2.0.10.RELEASE\spring-data-commons-2.0.10.RELEASE.jar;C:\Users\gnanii\.m2\repository\org\springframework\spring-orm\5.0.9.RELEASE\spring-orm-5.0.9.RELEASE.jar;C:\Users\gnanii\.m2\repository\org\springframework\spring-tx\5.0.9.RELEASE\spring-tx-5.0.9.RELEASE.jar;C:\Users\gnanii\.m2\repository\org\springframework\spring-aspects\5.0.9.RELEASE\spring-aspects-5.0.9.RELEASE.jar;C:\Users\gnanii\.m2\repository\org\postgresql\postgresql\42.2.2\postgresql-42.2.2.jar;C:\Users\gnanii\.m2\repository\org\liquibase\liquibase-core\3.5.5\liquibase-core-3.5.5.jar;C:\Users\gnanii\.m2\repository\org\springframework\boot\spring-boot-starter-security\2.0.5.RELEASE\spring-boot-starter-security-2.0.5.RELEASE.jar;C:\Users\gnanii\.m2\repository\org\springframework\spring-aop\5.0.9.RELEASE\spring-aop-5.0.9.RELEASE.jar;C:\Users\gnanii\.m2\repository\org\springframework\security\spring-security-config\5.0.8.RELEASE\spring-security-config-5.0.8.RELEASE.jar;C:\Users\gnanii\.m2\repository\org\springframework\security\spring-security-core\5.0.8.RELEASE\spring-security-core-5.0.8.RELEASE.jar;C:\Users\gnanii\.m2\repository\org\springframework\security\spring-security-web\5.0.8.RELEASE\spring-security-web-5.0.8.RELEASE.jar;C:\Users\gnanii\.m2\repository\org\springframework\security\oauth\boot\spring-security-oauth2-autoconfigure\2.0.0.RELEASE\spring-security-oauth2-autoconfigure-2.0.0.RELEASE.jar;C:\Users\gnanii\.m2\repository\com\fasterxml\jackson\core\jackson-annotations\2.9.0\jackson-annotations-2.9.0.jar;C:\Users\gnanii\.m2\repository\com\fasterxml\jackson\core\jackson-databind\2.9.6\jackson-databind-2.9.6.jar;C:\Users\gnanii\.m2\repository\com\fasterxml\jackson\core\jackson-core\2.9.6\jackson-core-2.9.6.jar;C:\Users\gnanii\.m2\repository\org\springframework\security\oauth\spring-security-oauth2\2.2.1.RELEASE\spring-security-oauth2-2.2.1.RELEASE.jar;C:\Users\gnanii\.m2\repository\org\codehaus\jackson\jackson-mapper-asl\1.9.13\jackson-mapper-asl-1.9.13.jar;C:\Users\gnanii\.m2\repository\org\codehaus\jackson\jackson-core-asl\1.9.13\jackson-core-asl-1.9.13.jar;C:\Users\gnanii\.m2\repository\org\springframework\security\spring-security-jwt\1.0.9.RELEASE\spring-security-jwt-1.0.9.RELEASE.jar;C:\Users\gnanii\.m2\repository\org\bouncycastle\bcpkix-jdk15on\1.56\bcpkix-jdk15on-1.56.jar;C:\Users\gnanii\.m2\repository\org\bouncycastle\bcprov-jdk15on\1.56\bcprov-jdk15on-1.56.jar;C:\Users\gnanii\.m2\repository\io\springfox\springfox-swagger2\2.6.1\springfox-swagger2-2.6.1.jar;C:\Users\gnanii\.m2\repository\io\swagger\swagger-annotations\1.5.10\swagger-annotations-1.5.10.jar;C:\Users\gnanii\.m2\repository\io\swagger\swagger-models\1.5.10\swagger-models-1.5.10.jar;C:\Users\gnanii\.m2\repository\io\springfox\springfox-spi\2.6.1\springfox-spi-2.6.1.jar;C:\Users\gnanii\.m2\repository\io\springfox\springfox-core\2.6.1\springfox-core-2.6.1.jar;C:\Users\gnanii\.m2\repository\io\springfox\springfox-schema\2.6.1\springfox-schema-2.6.1.jar;C:\Users\gnanii\.m2\repository\io\springfox\springfox-swagger-common\2.6.1\springfox-swagger-common-2.6.1.jar;C:\Users\gnanii\.m2\repository\io\springfox\springfox-spring-web\2.6.1\springfox-spring-web-2.6.1.jar;C:\Users\gnanii\.m2\repository\com\google\guava\guava\18.0\guava-18.0.jar;C:\Users\gnanii\.m2\repository\com\fasterxml\classmate\1.3.4\classmate-1.3.4.jar;C:\Users\gnanii\.m2\repository\org\slf4j\slf4j-api\1.7.25\slf4j-api-1.7.25.jar;C:\Users\gnanii\.m2\repository\org\springframework\plugin\spring-plugin-core\1.2.0.RELEASE\spring-plugin-core-1.2.0.RELEASE.jar;C:\Users\gnanii\.m2\repository\org\springframework\plugin\spring-plugin-metadata\1.2.0.RELEASE\spring-plugin-metadata-1.2.0.RELEASE.jar;C:\Users\gnanii\.m2\repository\org\mapstruct\mapstruct\1.0.0.Final\mapstruct-1.0.0.Final.jar;C:\Users\gnanii\.m2\repository\io\springfox\springfox-swagger-ui\2.6.1\springfox-swagger-ui-2.6.1.jar;C:\Users\gnanii\.m2\repository\com\auth0\java-jwt\3.4.0\java-jwt-3.4.0.jar;C:\Users\gnanii\.m2\repository\commons-codec\commons-codec\1.11\commons-codec-1.11.jar;C:\Users\gnanii\.m2\repository\org\modelmapper\modelmapper\2.3.2\modelmapper-2.3.2.jar;C:\Users\gnanii\.m2\repository\com\vaadin\external\google\android-json\0.0.20131108.vaadin1\android-json-0.0.20131108.vaadin1.jar;C:\Users\gnanii\.m2\repository\org\apache\commons\commons-lang3\3.4\commons-lang3-3.4.jar;C:\Users\gnanii\.m2\repository\org\junit\jupiter\junit-jupiter-api\5.4.2\junit-jupiter-api-5.4.2.jar;C:\Users\gnanii\.m2\repository\org\apiguardian\apiguardian-api\1.0.0\apiguardian-api-1.0.0.jar;C:\Users\gnanii\.m2\repository\org\opentest4j\opentest4j\1.1.1\opentest4j-1.1.1.jar;C:\Users\gnanii\.m2\repository\org\junit\platform\junit-platform-commons\1.4.2\junit-platform-commons-1.4.2.jar;C:\Users\gnanii\.m2\repository\org\mockito\mockito-junit-jupiter\2.23.0\mockito-junit-jupiter-2.23.0.jar;, java.specification.name=Java Platform API Specification, java.class.version=52.0, sun.management.compiler=HotSpot Client Compiler, os.version=10.0, user.home=C:\Users\gnanii, user.timezone=EET, java.awt.printerjob=sun.awt.windows.WPrinterJob, file.encoding=Cp1252, java.specification.version=1.8, java.class.path=D:\personal\ACS\AccessControlSystem\project\AccessControlSystem-Server\target\test-classes;D:\personal\ACS\AccessControlSystem\project\AccessControlSystem-Server\target\classes;C:\Users\gnanii\.m2\repository\org\springframework\boot\spring-boot-starter\2.0.5.RELEASE\spring-boot-starter-2.0.5.RELEASE.jar;C:\Users\gnanii\.m2\repository\org\springframework\boot\spring-boot\2.0.5.RELEASE\spring-boot-2.0.5.RELEASE.jar;C:\Users\gnanii\.m2\repository\org\springframework\spring-context\5.0.9.RELEASE\spring-context-5.0.9.RELEASE.jar;C:\Users\gnanii\.m2\repository\org\springframework\boot\spring-boot-autoconfigure\2.0.5.RELEASE\spring-boot-autoconfigure-2.0.5.RELEASE.jar;C:\Users\gnanii\.m2\repository\org\springframework\boot\spring-boot-starter-logging\2.0.5.RELEASE\spring-boot-starter-logging-2.0.5.RELEASE.jar;C:\Users\gnanii\.m2\repository\ch\qos\logback\logback-classic\1.2.3\logback-classic-1.2.3.jar;C:\Users\gnanii\.m2\repository\ch\qos\logback\logback-core\1.2.3\logback-core-1.2.3.jar;C:\Users\gnanii\.m2\repository\org\apache\logging\log4j\log4j-to-slf4j\2.10.0\log4j-to-slf4j-2.10.0.jar;C:\Users\gnanii\.m2\repository\org\apache\logging\log4j\log4j-api\2.10.0\log4j-api-2.10.0.jar;C:\Users\gnanii\.m2\repository\org\slf4j\jul-to-slf4j\1.7.25\jul-to-slf4j-1.7.25.jar;C:\Users\gnanii\.m2\repository\javax\annotation\javax.annotation-api\1.3.2\javax.annotation-api-1.3.2.jar;C:\Users\gnanii\.m2\repository\org\springframework\spring-core\5.0.9.RELEASE\spring-core-5.0.9.RELEASE.jar;C:\Users\gnanii\.m2\repository\org\springframework\spring-jcl\5.0.9.RELEASE\spring-jcl-5.0.9.RELEASE.jar;C:\Users\gnanii\.m2\repository\org\yaml\snakeyaml\1.19\snakeyaml-1.19.jar;C:\Users\gnanii\.m2\repository\org\springframework\boot\spring-boot-starter-data-rest\2.0.5.RELEASE\spring-boot-starter-data-rest-2.0.5.RELEASE.jar;C:\Users\gnanii\.m2\repository\org\springframework\boot\spring-boot-starter-json\2.0.5.RELEASE\spring-boot-starter-json-2.0.5.RELEASE.jar;C:\Users\gnanii\.m2\repository\com\fasterxml\jackson\datatype\jackson-datatype-jdk8\2.9.6\jackson-datatype-jdk8-2.9.6.jar;C:\Users\gnanii\.m2\repository\com\fasterxml\jackson\datatype\jackson-datatype-jsr310\2.9.6\jackson-datatype-jsr310-2.9.6.jar;C:\Users\gnanii\.m2\repository\com\fasterxml\jackson\module\jackson-module-parameter-names\2.9.6\jackson-module-parameter-names-2.9.6.jar;C:\Users\gnanii\.m2\repository\org\springframework\data\spring-data-rest-webmvc\3.0.10.RELEASE\spring-data-rest-webmvc-3.0.10.RELEASE.jar;C:\Users\gnanii\.m2\repository\org\springframework\data\spring-data-rest-core\3.0.10.RELEASE\spring-data-rest-core-3.0.10.RELEASE.jar;C:\Users\gnanii\.m2\repository\org\springframework\hateoas\spring-hateoas\0.25.0.RELEASE\spring-hateoas-0.25.0.RELEASE.jar;C:\Users\gnanii\.m2\repository\org\atteo\evo-inflector\1.2.2\evo-inflector-1.2.2.jar;C:\Users\gnanii\.m2\repository\org\springframework\boot\spring-boot-starter-test\2.0.5.RELEASE\spring-boot-starter-test-2.0.5.RELEASE.jar;C:\Users\gnanii\.m2\repository\org\springframework\boot\spring-boot-test\2.0.5.RELEASE\spring-boot-test-2.0.5.RELEASE.jar;C:\Users\gnanii\.m2\repository\org\springframework\boot\spring-boot-test-autoconfigure\2.0.5.RELEASE\spring-boot-test-autoconfigure-2.0.5.RELEASE.jar;C:\Users\gnanii\.m2\repository\com\jayway\jsonpath\json-path\2.4.0\json-path-2.4.0.jar;C:\Users\gnanii\.m2\repository\net\minidev\json-smart\2.3\json-smart-2.3.jar;C:\Users\gnanii\.m2\repository\net\minidev\accessors-smart\1.2\accessors-smart-1.2.jar;C:\Users\gnanii\.m2\repository\org\ow2\asm\asm\5.0.4\asm-5.0.4.jar;C:\Users\gnanii\.m2\repository\junit\junit\4.12\junit-4.12.jar;C:\Users\gnanii\.m2\repository\org\assertj\assertj-core\3.9.1\assertj-core-3.9.1.jar;C:\Users\gnanii\.m2\repository\org\mockito\mockito-core\2.15.0\mockito-core-2.15.0.jar;C:\Users\gnanii\.m2\repository\net\bytebuddy\byte-buddy\1.7.11\byte-buddy-1.7.11.jar;C:\Users\gnanii\.m2\repository\net\bytebuddy\byte-buddy-agent\1.7.11\byte-buddy-agent-1.7.11.jar;C:\Users\gnanii\.m2\repository\org\objenesis\objenesis\2.6\objenesis-2.6.jar;C:\Users\gnanii\.m2\repository\org\hamcrest\hamcrest-core\1.3\hamcrest-core-1.3.jar;C:\Users\gnanii\.m2\repository\org\hamcrest\hamcrest-library\1.3\hamcrest-library-1.3.jar;C:\Users\gnanii\.m2\repository\org\skyscreamer\jsonassert\1.5.0\jsonassert-1.5.0.jar;C:\Users\gnanii\.m2\repository\org\springframework\spring-test\5.0.9.RELEASE\spring-test-5.0.9.RELEASE.jar;C:\Users\gnanii\.m2\repository\org\xmlunit\xmlunit-core\2.5.1\xmlunit-core-2.5.1.jar;C:\Users\gnanii\.m2\repository\org\springframework\boot\spring-boot-starter-web\2.0.5.RELEASE\spring-boot-starter-web-2.0.5.RELEASE.jar;C:\Users\gnanii\.m2\repository\org\springframework\boot\spring-boot-starter-tomcat\2.0.5.RELEASE\spring-boot-starter-tomcat-2.0.5.RELEASE.jar;C:\Users\gnanii\.m2\repository\org\apache\tomcat\embed\tomcat-embed-core\8.5.34\tomcat-embed-core-8.5.34.jar;C:\Users\gnanii\.m2\repository\org\apache\tomcat\embed\tomcat-embed-el\8.5.34\tomcat-embed-el-8.5.34.jar;C:\Users\gnanii\.m2\repository\org\apache\tomcat\embed\tomcat-embed-websocket\8.5.34\tomcat-embed-websocket-8.5.34.jar;C:\Users\gnanii\.m2\repository\org\hibernate\validator\hibernate-validator\6.0.12.Final\hibernate-validator-6.0.12.Final.jar;C:\Users\gnanii\.m2\repository\javax\validation\validation-api\2.0.1.Final\validation-api-2.0.1.Final.jar;C:\Users\gnanii\.m2\repository\org\jboss\logging\jboss-logging\3.3.2.Final\jboss-logging-3.3.2.Final.jar;C:\Users\gnanii\.m2\repository\org\springframework\spring-web\5.0.9.RELEASE\spring-web-5.0.9.RELEASE.jar;C:\Users\gnanii\.m2\repository\org\springframework\spring-beans\5.0.9.RELEASE\spring-beans-5.0.9.RELEASE.jar;C:\Users\gnanii\.m2\repository\org\springframework\spring-webmvc\5.0.9.RELEASE\spring-webmvc-5.0.9.RELEASE.jar;C:\Users\gnanii\.m2\repository\org\springframework\spring-expression\5.0.9.RELEASE\spring-expression-5.0.9.RELEASE.jar;C:\Users\gnanii\.m2\repository\org\springframework\boot\spring-boot-starter-data-jpa\2.0.5.RELEASE\spring-boot-starter-data-jpa-2.0.5.RELEASE.jar;C:\Users\gnanii\.m2\repository\org\springframework\boot\spring-boot-starter-aop\2.0.5.RELEASE\spring-boot-starter-aop-2.0.5.RELEASE.jar;C:\Users\gnanii\.m2\repository\org\aspectj\aspectjweaver\1.8.13\aspectjweaver-1.8.13.jar;C:\Users\gnanii\.m2\repository\org\springframework\boot\spring-boot-starter-jdbc\2.0.5.RELEASE\spring-boot-starter-jdbc-2.0.5.RELEASE.jar;C:\Users\gnanii\.m2\repository\com\zaxxer\HikariCP\2.7.9\HikariCP-2.7.9.jar;C:\Users\gnanii\.m2\repository\org\springframework\spring-jdbc\5.0.9.RELEASE\spring-jdbc-5.0.9.RELEASE.jar;C:\Users\gnanii\.m2\repository\javax\transaction\javax.transaction-api\1.2\javax.transaction-api-1.2.jar;C:\Users\gnanii\.m2\repository\org\hibernate\hibernate-core\5.2.17.Final\hibernate-core-5.2.17.Final.jar;C:\Users\gnanii\.m2\repository\org\hibernate\javax\persistence\hibernate-jpa-2.1-api\1.0.2.Final\hibernate-jpa-2.1-api-1.0.2.Final.jar;C:\Users\gnanii\.m2\repository\org\javassist\javassist\3.22.0-GA\javassist-3.22.0-GA.jar;C:\Users\gnanii\.m2\repository\antlr\antlr\2.7.7\antlr-2.7.7.jar;C:\Users\gnanii\.m2\repository\org\jboss\jandex\2.0.3.Final\jandex-2.0.3.Final.jar;C:\Users\gnanii\.m2\repository\dom4j\dom4j\1.6.1\dom4j-1.6.1.jar;C:\Users\gnanii\.m2\repository\org\hibernate\common\hibernate-commons-annotations\5.0.1.Final\hibernate-commons-annotations-5.0.1.Final.jar;C:\Users\gnanii\.m2\repository\org\springframework\data\spring-data-jpa\2.0.10.RELEASE\spring-data-jpa-2.0.10.RELEASE.jar;C:\Users\gnanii\.m2\repository\org\springframework\data\spring-data-commons\2.0.10.RELEASE\spring-data-commons-2.0.10.RELEASE.jar;C:\Users\gnanii\.m2\repository\org\springframework\spring-orm\5.0.9.RELEASE\spring-orm-5.0.9.RELEASE.jar;C:\Users\gnanii\.m2\repository\org\springframework\spring-tx\5.0.9.RELEASE\spring-tx-5.0.9.RELEASE.jar;C:\Users\gnanii\.m2\repository\org\springframework\spring-aspects\5.0.9.RELEASE\spring-aspects-5.0.9.RELEASE.jar;C:\Users\gnanii\.m2\repository\org\postgresql\postgresql\42.2.2\postgresql-42.2.2.jar;C:\Users\gnanii\.m2\repository\org\liquibase\liquibase-core\3.5.5\liquibase-core-3.5.5.jar;C:\Users\gnanii\.m2\repository\org\springframework\boot\spring-boot-starter-security\2.0.5.RELEASE\spring-boot-starter-security-2.0.5.RELEASE.jar;C:\Users\gnanii\.m2\repository\org\springframework\spring-aop\5.0.9.RELEASE\spring-aop-5.0.9.RELEASE.jar;C:\Users\gnanii\.m2\repository\org\springframework\security\spring-security-config\5.0.8.RELEASE\spring-security-config-5.0.8.RELEASE.jar;C:\Users\gnanii\.m2\repository\org\springframework\security\spring-security-core\5.0.8.RELEASE\spring-security-core-5.0.8.RELEASE.jar;C:\Users\gnanii\.m2\repository\org\springframework\security\spring-security-web\5.0.8.RELEASE\spring-security-web-5.0.8.RELEASE.jar;C:\Users\gnanii\.m2\repository\org\springframework\security\oauth\boot\spring-security-oauth2-autoconfigure\2.0.0.RELEASE\spring-security-oauth2-autoconfigure-2.0.0.RELEASE.jar;C:\Users\gnanii\.m2\repository\com\fasterxml\jackson\core\jackson-annotations\2.9.0\jackson-annotations-2.9.0.jar;C:\Users\gnanii\.m2\repository\com\fasterxml\jackson\core\jackson-databind\2.9.6\jackson-databind-2.9.6.jar;C:\Users\gnanii\.m2\repository\com\fasterxml\jackson\core\jackson-core\2.9.6\jackson-core-2.9.6.jar;C:\Users\gnanii\.m2\repository\org\springframework\security\oauth\spring-security-oauth2\2.2.1.RELEASE\spring-security-oauth2-2.2.1.RELEASE.jar;C:\Users\gnanii\.m2\repository\org\codehaus\jackson\jackson-mapper-asl\1.9.13\jackson-mapper-asl-1.9.13.jar;C:\Users\gnanii\.m2\repository\org\codehaus\jackson\jackson-core-asl\1.9.13\jackson-core-asl-1.9.13.jar;C:\Users\gnanii\.m2\repository\org\springframework\security\spring-security-jwt\1.0.9.RELEASE\spring-security-jwt-1.0.9.RELEASE.jar;C:\Users\gnanii\.m2\repository\org\bouncycastle\bcpkix-jdk15on\1.56\bcpkix-jdk15on-1.56.jar;C:\Users\gnanii\.m2\repository\org\bouncycastle\bcprov-jdk15on\1.56\bcprov-jdk15on-1.56.jar;C:\Users\gnanii\.m2\repository\io\springfox\springfox-swagger2\2.6.1\springfox-swagger2-2.6.1.jar;C:\Users\gnanii\.m2\repository\io\swagger\swagger-annotations\1.5.10\swagger-annotations-1.5.10.jar;C:\Users\gnanii\.m2\repository\io\swagger\swagger-models\1.5.10\swagger-models-1.5.10.jar;C:\Users\gnanii\.m2\repository\io\springfox\springfox-spi\2.6.1\springfox-spi-2.6.1.jar;C:\Users\gnanii\.m2\repository\io\springfox\springfox-core\2.6.1\springfox-core-2.6.1.jar;C:\Users\gnanii\.m2\repository\io\springfox\springfox-schema\2.6.1\springfox-schema-2.6.1.jar;C:\Users\gnanii\.m2\repository\io\springfox\springfox-swagger-common\2.6.1\springfox-swagger-common-2.6.1.jar;C:\Users\gnanii\.m2\repository\io\springfox\springfox-spring-web\2.6.1\springfox-spring-web-2.6.1.jar;C:\Users\gnanii\.m2\repository\com\google\guava\guava\18.0\guava-18.0.jar;C:\Users\gnanii\.m2\repository\com\fasterxml\classmate\1.3.4\classmate-1.3.4.jar;C:\Users\gnanii\.m2\repository\org\slf4j\slf4j-api\1.7.25\slf4j-api-1.7.25.jar;C:\Users\gnanii\.m2\repository\org\springframework\plugin\spring-plugin-core\1.2.0.RELEASE\spring-plugin-core-1.2.0.RELEASE.jar;C:\Users\gnanii\.m2\repository\org\springframework\plugin\spring-plugin-metadata\1.2.0.RELEASE\spring-plugin-metadata-1.2.0.RELEASE.jar;C:\Users\gnanii\.m2\repository\org\mapstruct\mapstruct\1.0.0.Final\mapstruct-1.0.0.Final.jar;C:\Users\gnanii\.m2\repository\io\springfox\springfox-swagger-ui\2.6.1\springfox-swagger-ui-2.6.1.jar;C:\Users\gnanii\.m2\repository\com\auth0\java-jwt\3.4.0\java-jwt-3.4.0.jar;C:\Users\gnanii\.m2\repository\commons-codec\commons-codec\1.11\commons-codec-1.11.jar;C:\Users\gnanii\.m2\repository\org\modelmapper\modelmapper\2.3.2\modelmapper-2.3.2.jar;C:\Users\gnanii\.m2\repository\com\vaadin\external\google\android-json\0.0.20131108.vaadin1\android-json-0.0.20131108.vaadin1.jar;C:\Users\gnanii\.m2\repository\org\apache\commons\commons-lang3\3.4\commons-lang3-3.4.jar;C:\Users\gnanii\.m2\repository\org\junit\jupiter\junit-jupiter-api\5.4.2\junit-jupiter-api-5.4.2.jar;C:\Users\gnanii\.m2\repository\org\apiguardian\apiguardian-api\1.0.0\apiguardian-api-1.0.0.jar;C:\Users\gnanii\.m2\repository\org\opentest4j\opentest4j\1.1.1\opentest4j-1.1.1.jar;C:\Users\gnanii\.m2\repository\org\junit\platform\junit-platform-commons\1.4.2\junit-platform-commons-1.4.2.jar;C:\Users\gnanii\.m2\repository\org\mockito\mockito-junit-jupiter\2.23.0\mockito-junit-jupiter-2.23.0.jar;, user.name=gnanii, java.vm.specification.version=1.8, sun.java.command=C:\Users\gnanii\AppData\Local\Temp\surefire1658802995992462239\surefirebooter1077936759950058545.jar C:\Users\gnanii\AppData\Local\Temp\surefire1658802995992462239 2019-05-26T23-09-18_643-jvmRun1 surefire1332485706811814355tmp surefire_04273856218982545056tmp, java.home=C:\Program Files (x86)\Java\jdk1.8.0_144\jre, sun.arch.data.model=32, user.language=en, java.specification.vendor=Oracle Corporation, awt.toolkit=sun.awt.windows.WToolkit, java.vm.info=mixed mode, java.version=1.8.0_144, java.ext.dirs=C:\Program Files (x86)\Java\jdk1.8.0_144\jre\lib\ext;C:\WINDOWS\Sun\Java\lib\ext, sun.boot.class.path=C:\Program Files (x86)\Java\jdk1.8.0_144\jre\lib\resources.jar;C:\Program Files (x86)\Java\jdk1.8.0_144\jre\lib\rt.jar;C:\Program Files (x86)\Java\jdk1.8.0_144\jre\lib\sunrsasign.jar;C:\Program Files (x86)\Java\jdk1.8.0_144\jre\lib\jsse.jar;C:\Program Files (x86)\Java\jdk1.8.0_144\jre\lib\jce.jar;C:\Program Files (x86)\Java\jdk1.8.0_144\jre\lib\charsets.jar;C:\Program Files (x86)\Java\jdk1.8.0_144\jre\lib\jfr.jar;C:\Program Files (x86)\Java\jdk1.8.0_144\jre\classes, java.vendor=Oracle Corporation, localRepository=C:\Users\gnanii\.m2\repository, file.separator=\, java.vendor.url.bug=http://bugreport.sun.com/bugreport/, sun.io.unicode.encoding=UnicodeLittle, sun.cpu.endian=little, sun.desktop=windows, sun.cpu.isalist=pentium_pro+mmx pentium_pro pentium+mmx pentium i486 i386 i86}}, SystemEnvironmentPropertySource@29167419 {name='systemEnvironment', properties={PATH=C:\Program Files\Kerio\Outlook Connector (Offline Edition)\;C:\oracle\product\11.2.0\dbhome_1\bin;C:\ProgramData\Oracle\Java\javapath;C:\WINDOWS\system32;C:\WINDOWS;C:\WINDOWS\System32\Wbem;C:\WINDOWS\System32\WindowsPowerShell\v1.0\;C:\Program Files\Git\cmd;C:\Program Files\Java\jdk1.7.0_80;C:\apache-maven-3.5.0\bin;C:\Program Files\Symantec.cloud\PlatformAgent\;C:\Program Files\TortoiseSVN\bin;C:\Program Files\PostgreSQL\10\bin;C:\Users\gnanii\AppData\Local\Programs\Python\Python35\;C:\Users\gnanii\AppData\Local\Programs\Python\Python35\Scripts\;C:\Users\gnanii\AppData\Roaming\npm;C:\WINDOWS\System32\OpenSSH\;C:\Program Files\nodejs\;C:\Program Files\PuTTY\;D:\install\liqubase;C:\TDM-GCC-64\bin;;C:\Program Files\Microsoft VS Code\bin;C:\Users\gnanii\AppData\Local\Programs\Python\Python35\Scripts\;C:\Users\gnanii\AppData\Local\Programs\Python\Python35\;C:\ProgramData\Oracle\Java\javapath;C:\WINDOWS\system32;C:\WINDOWS;C:\WINDOWS\System32\Wbem;C:\WINDOWS\System32\WindowsPowerShell\v1.0\;C:\Program Files\Git\cmd;C:\Program Files\nodejs\;C:\Program Files\Java\jdk1.7.0_80;C:\apache-maven-3.5.0\bin;C:\Program Files (x86)\Skype\Phone\;C:\Program Files\Symantec.cloud\PlatformAgent\;C:\Program Files\TortoiseSVN\bin;C:\Program Files\PostgreSQL\10\bin;C:\Users\gnanii\AppData\Local\Microsoft\WindowsApps;C:\Users\gnanii\AppData\Roaming\npm;, USERDOMAIN_ROAMINGPROFILE=INTHER, PROCESSOR_LEVEL=6, SYSTEMDRIVE=C:, INTHERLC_INSTALLDIR=D:\IntherLC, SESSIONNAME=Console, ALLUSERSPROFILE=C:\ProgramData, PROCESSOR_ARCHITECTURE=x86, TNS_ADMIN=C:\oracle\product\11.2.0\dbhome_1\network\admin, DRIVERDATA=C:\Windows\System32\Drivers\DriverData, MAVEN_HOME=D:\TEST\environment\apache-maven-3.0.4, PROGRAMFILES=C:\Program Files (x86), PSMODULEPATH=C:\Program Files\WindowsPowerShell\Modules;C:\WINDOWS\system32\WindowsPowerShell\v1.0\Modules, PROGRAMDATA=C:\ProgramData, USERNAME=gnanii, USERDNSDOMAIN=INTHER.LOCAL, FPS_BROWSER_USER_PROFILE_STRING=Default, ONEDRIVE=C:\Users\gnanii\OneDrive, PATHEXT=.COM;.EXE;.BAT;.CMD;.VBS;.VBE;.JS;.JSE;.WSF;.WSH;.MSC, PROCESSOR_ARCHITEW6432=AMD64, WINDIR=C:\WINDOWS, HOMEPATH=\Users\gnanii, PROCESSOR_IDENTIFIER=Intel64 Family 6 Model 158 Stepping 9, GenuineIntel, M2_HOME=D:\TEST\environment\apache-maven-3.0.4, PUBLIC=C:\Users\Public, =::=::\, LOCALAPPDATA=C:\Users\gnanii\AppData\Local, COMMONPROGRAMFILES(X86)=C:\Program Files (x86)\Common Files, USERDOMAIN=INTHER, FPS_BROWSER_APP_PROFILE_STRING=Internet Explorer, LOGONSERVER=\\NL-DC01, JAVA_HOME=C:\Program Files\Java\jdk1.7.0_80, PROMPT=$P$G, PROGRAMFILES(X86)=C:\Program Files (x86), APPDATA=C:\Users\gnanii\AppData\Roaming, PROGRAMW6432=C:\Program Files, SYSTEMROOT=C:\WINDOWS, ORACLE_HOME=C:\oracle\product\11.2.0\dbhome_1, VBOX_MSI_INSTALL_PATH=C:\Program Files\Oracle\VirtualBox\, OS=Windows_NT, COMMONPROGRAMW6432=C:\Program Files\Common Files, COMPUTERNAME=LT-GNANII, COMMONPROGRAMFILES=C:\Program Files (x86)\Common Files, COMSPEC=C:\WINDOWS\system32\cmd.exe, PROCESSOR_REVISION=9e09, =D:=D:\personal\ACS\AccessControlSystem\project\AccessControlSystem-Server, TEMP=C:\Users\gnanii\AppData\Local\Temp, HOMEDRIVE=C:, USERPROFILE=C:\Users\gnanii, TMP=C:\Users\gnanii\AppData\Local\Temp, NUMBER_OF_PROCESSORS=8, POSTGRESQL_HOME=C:\Program Files\PostgreSQL\10}}]
23:09:21.332 [main] DEBUG org.springframework.test.context.support.TestPropertySourceUtils - Adding inlined properties to environment: {spring.jmx.enabled=false, org.springframework.boot.test.context.SpringBootTestContextBootstrapper=true, server.port=-1}
23:09:21.332 [main] DEBUG org.springframework.core.env.StandardEnvironment - Adding PropertySource 'Inlined Test Properties' with highest search precedence

  .   ____          _            __ _ _
 /\\ / ___'_ __ _ _(_)_ __  __ _ \ \ \ \
( ( )\___ | '_ | '_| | '_ \/ _` | \ \ \ \
 \\/  ___)| |_)| | | | | || (_| |  ) ) ) )
  '  |____| .__|_| |_|_| |_\__, | / / / /
 =========|_|==============|___/=/_/_/_/
 :: Spring Boot ::        (v2.0.5.RELEASE)

&amp#27;[30m2019-05-26 23:09:22,702&amp#27;[0;39m &amp#27;[34mINFO &amp#27;[0;39m [&amp#27;[34mmain&amp#27;[0;39m] &amp#27;[33morg.springframework.boot.StartupInfoLogger&amp#27;[0;39m: Starting AccessControlSystemApplicationTests on LT-GNANII with PID 18196 (started by gnanii in D:\personal\ACS\AccessControlSystem\project\AccessControlSystem-Server)
[...]
	at com.acs.configuration.socket.SocketServerProvider.start(SocketServerProvider.java:75)
	at com.acs.configuration.socket.SocketServerProvider.start(SocketServerProvider.java:75)
	at com.acs.configuration.socket.SocketServerProvider.start(SocketServerProvider.java:75)
	at com.acs.configuration.socket.SocketServerProvider.start(SocketServerProvider.java:75)
	at com.acs.configuration.socket.SocketServerProvider.start(SocketServerProvider.java:75)
	at com.acs.configuration.socket.SocketServerProvider.start(SocketServerProvider.java:75)
	at com.acs.configuration.socket.SocketServerProvider.start(SocketServerProvider.java:75)
	at com.acs.configuration.socket.SocketServerProvider.start(SocketServerProvider.java:75)
	at com.acs.configuration.socket.SocketServerProvider.start(SocketServerProvider.java:75)
	at com.acs.configuration.socket.SocketServerProvider.start(SocketServerProvider.java:75)
	at com.acs.configuration.socket.SocketServerProvider.start(SocketServerProvider.java:75)
	at com.acs.configuration.socket.SocketServerProvider.start(SocketServerProvider.java:75)
	at com.acs.configuration.socket.SocketServerProvider.start(SocketServerProvider.java:75)
	at com.acs.configuration.socket.SocketServerProvider.start(SocketServerProvider.java:75)
	at com.acs.configuration.socket.SocketServerProvider.start(SocketServerProvider.java:75)
	at com.acs.configuration.socket.SocketServerProvider.start(SocketServerProvider.java:75)
	at com.acs.configuration.socket.SocketServerProvider.start(SocketServerProvider.java:75)
	at com.acs.configuration.socket.SocketServerProvider.start(SocketServerProvider.java:75)
	at com.acs.configuration.socket.SocketServerProvider.start(SocketServerProvider.java:75)
	at com.acs.configuration.socket.SocketServerProvider.start(SocketServerProvider.java:75)
	at com.acs.configuration.socket.SocketServerProvider.start(SocketServerProvider.java:75)
	at com.acs.configuration.socket.SocketServerProvider.start(SocketServerProvider.java:75)
	at com.acs.configuration.socket.SocketServerProvider.start(SocketServerProvider.java:75)
	at com.acs.configuration.socket.SocketServerProvider.start(SocketServerProvider.java:75)
	at com.acs.configuration.socket.SocketServerProvider.start(SocketServerProvider.java:75)
	at com.acs.configuration.socket.SocketServerProvider.start(SocketServerProvider.java:75)
	at com.acs.configuration.socket.SocketServerProvider.start(SocketServerProvider.java:75)
	at com.acs.configuration.socket.SocketServerProvider.start(SocketServerProvider.java:75)
	at com.acs.configuration.socket.SocketServerProvider.start(SocketServerProvider.java:75)
	at com.acs.configuration.socket.SocketServerProvider.start(SocketServerProvider.java:75)
	at com.acs.configuration.socket.SocketServerProvider.start(SocketServerProvider.java:75)
	at com.acs.configuration.socket.SocketServerProvider.start(SocketServerProvider.java:75)
	at com.acs.configuration.socket.SocketServerProvider.start(SocketServerProvider.java:75)
	at com.acs.configuration.socket.SocketServerProvider.start(SocketServerProvider.java:75)
	at com.acs.configuration.socket.SocketServerProvider.start(SocketServerProvider.java:75)
	at com.acs.configuration.socket.SocketServerProvider.start(SocketServerProvider.java:75)
	at com.acs.configuration.socket.SocketServerProvider.start(SocketServerProvider.java:75)
	at com.acs.configuration.socket.SocketServerProvider.start(SocketServerProvider.java:75)
	at com.acs.configuration.socket.SocketServerProvider.start(SocketServerProvider.java:75)
	at com.acs.configuration.socket.SocketServerProvider.start(SocketServerProvider.java:75)
	at com.acs.configuration.socket.SocketServerProvider.start(SocketServerProvider.java:75)
	at com.acs.configuration.socket.SocketServerProvider.start(SocketServerProvider.java:75)
	at com.acs.configuration.socket.SocketServerProvider.start(SocketServerProvider.java:75)
	at com.acs.configuration.socket.SocketServerProvider.start(SocketServerProvider.java:75)
	at com.acs.configuration.socket.SocketServerProvider.start(SocketServerProvider.java:75)
	at com.acs.configuration.socket.SocketServerProvider.start(SocketServerProvider.java:75)
	at com.acs.configuration.socket.SocketServerProvider.start(SocketServerProvider.java:75)
	at com.acs.configuration.socket.SocketServerProvider.start(SocketServerProvider.java:75)
	at com.acs.configuration.socket.SocketServerProvider.start(SocketServerProvider.java:75)
	at com.acs.configuration.socket.SocketServerProvider.start(SocketServerProvider.java:75)
	at com.acs.configuration.socket.SocketServerProvider.start(SocketServerProvider.java:75)
	at com.acs.configuration.socket.SocketServerProvider.start(SocketServerProvider.java:75)
	at com.acs.configuration.socket.SocketServerProvider.start(SocketServerProvider.java:75)
	at com.acs.configuration.socket.SocketServerProvider.start(SocketServerProvider.java:75)
	at com.acs.configuration.socket.SocketServerProvider.start(SocketServerProvider.java:75)
	at com.acs.configuration.socket.SocketServerProvider.start(SocketServerProvider.java:75)
	at com.acs.configuration.socket.SocketServerProvider.start(SocketServerProvider.java:75)
	at com.acs.configuration.socket.SocketServerProvider.start(SocketServerProvider.java:75)
	at com.acs.configuration.socket.SocketServerProvider.start(SocketServerProvider.java:75)
	at com.acs.configuration.socket.SocketServerProvider.start(SocketServerProvider.java:75)
	at com.acs.configuration.socket.SocketServerProvider.start(SocketServerProvider.java:75)
	at com.acs.configuration.socket.SocketServerProvider.start(SocketServerProvider.java:75)
	at com.acs.configuration.socket.SocketServerProvider.start(SocketServerProvider.java:75)
	at com.acs.configuration.socket.SocketServerProvider.start(SocketServerProvider.java:75)
	at com.acs.configuration.socket.SocketServerProvider.start(SocketServerProvider.java:75)
	at com.acs.configuration.socket.SocketServerProvider.start(SocketServerProvider.java:75)
	at com.acs.configuration.socket.SocketServerProvider.start(SocketServerProvider.java:75)
	at com.acs.configuration.socket.SocketServerProvider.start(SocketServerProvider.java:75)
	at com.acs.configuration.socket.SocketServerProvider.start(SocketServerProvider.java:75)
	at com.acs.configuration.socket.SocketServerProvider.start(SocketServerProvider.java:75)
	at com.acs.configuration.socket.SocketServerProvider.start(SocketServerProvider.java:75)
	at com.acs.configuration.socket.SocketServerProvider.start(SocketServerProvider.java:75)
	at com.acs.configuration.socket.SocketServerProvider.start(SocketServerProvider.java:75)
	at com.acs.configuration.socket.SocketServerProvider.start(SocketServerProvider.java:75)
	at com.acs.configuration.socket.SocketServerProvider.start(SocketServerProvider.java:75)
	at com.acs.configuration.socket.SocketServerProvider.start(SocketServerProvider.java:75)
	at com.acs.configuration.socket.SocketServerProvider.start(SocketServerProvider.java:75)
	at com.acs.configuration.socket.SocketServerProvider.start(SocketServerProvider.java:75)
	at com.acs.configuration.socket.SocketServerProvider.start(SocketServerProvider.java:75)
	at com.acs.configuration.socket.SocketServerProvider.start(SocketServerProvider.java:75)
	at com.acs.configuration.socket.SocketServerProvider.start(SocketServerProvider.java:75)
	at com.acs.configuration.socket.SocketServerProvider.start(SocketServerProvider.java:75)
	at com.acs.configuration.socket.SocketServerProvider.start(SocketServerProvider.java:75)
	at com.acs.configuration.socket.SocketServerProvider.start(SocketServerProvider.java:75)
	at com.acs.configuration.socket.SocketServerProvider.start(SocketServerProvider.java:75)
	at com.acs.configuration.socket.SocketServerProvider.start(SocketServerProvider.java:75)
	at com.acs.configuration.socket.SocketServerProvider.start(SocketServerProvider.java:75)
	at com.acs.configuration.socket.SocketServerProvider.start(SocketServerProvider.java:75)
	at com.acs.configuration.socket.SocketServerProvider.start(SocketServerProvider.java:75)
	at com.acs.configuration.socket.SocketServerProvider.start(SocketServerProvider.java:75)
	at com.acs.configuration.socket.SocketServerProvider.start(SocketServerProvider.java:75)
	at com.acs.configuration.socket.SocketServerProvider.start(SocketServerProvider.java:75)
	at com.acs.configuration.socket.SocketServerProvider.start(SocketServerProvider.java:75)
	at com.acs.configuration.socket.SocketServerProvider.start(SocketServerProvider.java:75)
	at com.acs.configuration.socket.SocketServerProvider.start(SocketServerProvider.java:75)
	at com.acs.configuration.socket.SocketServerProvider.start(SocketServerProvider.java:75)
	at com.acs.configuration.socket.SocketServerProvider.start(SocketServerProvider.java:75)
	at com.acs.configuration.socket.SocketServerProvider.start(SocketServerProvider.java:75)
	at com.acs.configuration.socket.SocketServerProvider.start(SocketServerProvider.java:75)
	at com.acs.configuration.socket.SocketServerProvider.start(SocketServerProvider.java:75)
	at com.acs.configuration.socket.SocketServerProvider.start(SocketServerProvider.java:75)
	at com.acs.configuration.socket.SocketServerProvider.start(SocketServerProvider.java:75)
	at com.acs.configuration.socket.SocketServerProvider.start(SocketServerProvider.java:75)
	at com.acs.configuration.socket.SocketServerProvider.start(SocketServerProvider.java:75)
	at com.acs.configuration.socket.SocketServerProvider.start(SocketServerProvider.java:75)
	at com.acs.configuration.socket.SocketServerProvider.start(SocketServerProvider.java:75)
	at com.acs.configuration.socket.SocketServerProvider.start(SocketServerProvider.java:75)
	at com.acs.configuration.socket.SocketServerProvider.start(SocketServerProvider.java:75)
	at com.acs.configuration.socket.SocketServerProvider.start(SocketServerProvider.java:75)
	at com.acs.configuration.socket.SocketServerProvider.start(SocketServerProvider.java:75)
	at com.acs.configuration.socket.SocketServerProvider.start(SocketServerProvider.java:75)
	at com.acs.configuration.socket.SocketServerProvider.start(SocketServerProvider.java:75)
	at com.acs.configuration.socket.SocketServerProvider.start(SocketServerProvider.java:75)
	at com.acs.configuration.socket.SocketServerProvider.start(SocketServerProvider.java:75)
	at com.acs.configuration.socket.SocketServerProvider.start(SocketServerProvider.java:75)
	at com.acs.configuration.socket.SocketServerProvider.start(SocketServerProvider.java:75)
	at com.acs.configuration.socket.SocketServerProvider.start(SocketServerProvider.java:75)
	at com.acs.configuration.socket.SocketServerProvider.start(SocketServerProvider.java:75)
	at com.acs.configuration.socket.SocketServerProvider.start(SocketServerProvider.java:75)
	at com.acs.configuration.socket.SocketServerProvider.start(SocketServerProvider.java:75)
	at com.acs.configuration.socket.SocketServerProvider.start(SocketServerProvider.java:75)
	at com.acs.configuration.socket.SocketServerProvider.start(SocketServerProvider.java:75)
	at com.acs.configuration.socket.SocketServerProvider.start(SocketServerProvider.java:75)
	at com.acs.configuration.socket.SocketServerProvider.start(SocketServerProvider.java:75)
	at com.acs.configuration.socket.SocketServerProvider.start(SocketServerProvider.java:75)
	at com.acs.configuration.socket.SocketServerProvider.start(SocketServerProvider.java:75)
	at com.acs.configuration.socket.SocketServerProvider.start(SocketServerProvider.java:75)
	at com.acs.configuration.socket.SocketServerProvider.start(SocketServerProvider.java:75)
	at com.acs.configuration.socket.SocketServerProvider.start(SocketServerProvider.java:75)
	at com.acs.configuration.socket.SocketServerProvider.start(SocketServerProvider.java:75)
	at com.acs.configuration.socket.SocketServerProvider.start(SocketServerProvider.java:75)
	at com.acs.configuration.socket.SocketServerProvider.start(SocketServerProvider.java:75)
	at com.acs.configuration.socket.SocketServerProvider.start(SocketServerProvider.java:75)
	at com.acs.configuration.socket.SocketServerProvider.start(SocketServerProvider.java:75)
	at com.acs.configuration.socket.SocketServerProvider.start(SocketServerProvider.java:75)
	at com.acs.configuration.socket.SocketServerProvider.start(SocketServerProvider.java:75)
	at com.acs.configuration.socket.SocketServerProvider.start(SocketServerProvider.java:75)
	at com.acs.configuration.socket.SocketServerProvider.start(SocketServerProvider.java:75)
	at com.acs.configuration.socket.SocketServerProvider.start(SocketServerProvider.java:75)
	at com.acs.configuration.socket.SocketServerProvider.start(SocketServerProvider.java:75)
	at com.acs.configuration.socket.SocketServerProvider.start(SocketServerProvider.java:75)
	at com.acs.configuration.socket.SocketServerProvider.start(SocketServerProvider.java:75)
	at com.acs.configuration.socket.SocketServerProvider.start(SocketServerProvider.java:75)
	at com.acs.configuration.socket.SocketServerProvider.start(SocketServerProvider.java:75)
	at com.acs.configuration.socket.SocketServerProvider.start(SocketServerProvider.java:75)
	at com.acs.configuration.socket.SocketServerProvider.start(SocketServerProvider.java:75)
	at com.acs.configuration.socket.SocketServerProvider.start(SocketServerProvider.java:75)
	at com.acs.configuration.socket.SocketServerProvider.start(SocketServerProvider.java:75)
	at com.acs.configuration.socket.SocketServerProvider.start(SocketServerProvider.java:75)
	at com.acs.configuration.socket.SocketServerProvider.start(SocketServerProvider.java:75)
	at com.acs.configuration.socket.SocketServerProvider.start(SocketServerProvider.java:75)
	at com.acs.configuration.socket.SocketServerProvider.start(SocketServerProvider.java:75)
	at com.acs.configuration.socket.SocketServerProvider.start(SocketServerProvider.java:75)
	at com.acs.configuration.socket.SocketServerProvider.start(SocketServerProvider.java:75)
	at com.acs.configuration.socket.SocketServerProvider.start(SocketServerProvider.java:75)
	at com.acs.configuration.socket.SocketServerProvider.start(SocketServerProvider.java:75)
	at com.acs.configuration.socket.SocketServerProvider.start(SocketServerProvider.java:75)
	at com.acs.configuration.socket.SocketServerProvider.start(SocketServerProvider.java:75)
	at com.acs.configuration.socket.SocketServerProvider.start(SocketServerProvider.java:75)
	at com.acs.configuration.socket.SocketServerProvider.start(SocketServerProvider.java:75)
	at com.acs.configuration.socket.SocketServerProvider.start(SocketServerProvider.java:75)
	at com.acs.configuration.socket.SocketServerProvider.start(SocketServerProvider.java:75)
	at com.acs.configuration.socket.SocketServerProvider.start(SocketServerProvider.java:75)
	at com.acs.configuration.socket.SocketServerProvider.start(SocketServerProvider.java:75)
	at com.acs.configuration.socket.SocketServerProvider.start(SocketServerProvider.java:75)
	at com.acs.configuration.socket.SocketServerProvider.start(SocketServerProvider.java:75)
	at com.acs.configuration.socket.SocketServerProvider.start(SocketServerProvider.java:75)
	at com.acs.configuration.socket.SocketServerProvider.start(SocketServerProvider.java:75)
	at com.acs.configuration.socket.SocketServerProvider.start(SocketServerProvider.java:75)
	at com.acs.configuration.socket.SocketServerProvider.start(SocketServerProvider.java:75)
	at com.acs.configuration.socket.SocketServerProvider.start(SocketServerProvider.java:75)
	at com.acs.configuration.socket.SocketServerProvider.start(SocketServerProvider.java:75)
	at com.acs.configuration.socket.SocketServerProvider.start(SocketServerProvider.java:75)
	at com.acs.configuration.socket.SocketServerProvider.start(SocketServerProvider.java:75)
	at com.acs.configuration.socket.SocketServerProvider.start(SocketServerProvider.java:75)
	at com.acs.configuration.socket.SocketServerProvider.start(SocketServerProvider.java:75)
	at com.acs.configuration.socket.SocketServerProvider.start(SocketServerProvider.java:75)
	at com.acs.configuration.socket.SocketServerProvider.start(SocketServerProvider.java:75)
	at com.acs.configuration.socket.SocketServerProvider.start(SocketServerProvider.java:75)
	at com.acs.configuration.socket.SocketServerProvider.start(SocketServerProvider.java:75)
	at com.acs.configuration.socket.SocketServerProvider.start(SocketServerProvider.java:75)
	at com.acs.configuration.socket.SocketServerProvider.start(SocketServerProvider.java:75)
	at com.acs.configuration.socket.SocketServerProvider.start(SocketServerProvider.java:75)
	at com.acs.configuration.socket.SocketServerProvider.start(SocketServerProvider.java:75)
	at com.acs.configuration.socket.SocketServerProvider.start(SocketServerProvider.java:75)
	at com.acs.configuration.socket.SocketServerProvider.start(SocketServerProvider.java:75)
	at com.acs.configuration.socket.SocketServerProvider.start(SocketServerProvider.java:75)
	at com.acs.configuration.socket.SocketServerProvider.start(SocketServerProvider.java:75)
	at com.acs.configuration.socket.SocketServerProvider.start(SocketServerProvider.java:75)
	at com.acs.configuration.socket.SocketServerProvider.start(SocketServerProvider.java:75)
	at com.acs.configuration.socket.SocketServerProvider.start(SocketServerProvider.java:75)
	at com.acs.configuration.socket.SocketServerProvider.start(SocketServerProvider.java:75)
	at com.acs.configuration.socket.SocketServerProvider.start(SocketServerProvider.java:75)
	at com.acs.configuration.socket.SocketServerProvider.start(SocketServerProvider.java:75)
	at com.acs.configuration.socket.SocketServerProvider.start(SocketServerProvider.java:75)
	at com.acs.configuration.socket.SocketServerProvider.start(SocketServerProvider.java:75)
	at com.acs.configuration.socket.SocketServerProvider.start(SocketServerProvider.java:75)
	at com.acs.configuration.socket.SocketServerProvider.start(SocketServerProvider.java:75)
	at com.acs.configuration.socket.SocketServerProvider.start(SocketServerProvider.java:75)
	at com.acs.configuration.socket.SocketServerProvider.start(SocketServerProvider.java:75)
	at com.acs.configuration.socket.SocketServerProvider.start(SocketServerProvider.java:75)
	at com.acs.configuration.socket.SocketServerProvider.start(SocketServerProvider.java:75)
	at com.acs.configuration.socket.SocketServerProvider.start(SocketServerProvider.java:75)
	at com.acs.configuration.socket.SocketServerProvider.start(SocketServerProvider.java:75)
	at com.acs.configuration.socket.SocketServerProvider.start(SocketServerProvider.java:75)
	at com.acs.configuration.socket.SocketServerProvider.start(SocketServerProvider.java:75)
	at com.acs.configuration.socket.SocketServerProvider.start(SocketServerProvider.java:75)
	at com.acs.configuration.socket.SocketServerProvider.start(SocketServerProvider.java:75)
	at com.acs.configuration.socket.SocketServerProvider.start(SocketServerProvider.java:75)
	at com.acs.configuration.socket.SocketServerProvider.start(SocketServerProvider.java:75)
	at com.acs.configuration.socket.SocketServerProvider.start(SocketServerProvider.java:75)
	at com.acs.configuration.socket.SocketServerProvider.start(SocketServerProvider.java:75)
	at com.acs.configuration.socket.SocketServerProvider.start(SocketServerProvider.java:75)
	at com.acs.configuration.socket.SocketServerProvider.start(SocketServerProvider.java:75)
	at com.acs.configuration.socket.SocketServerProvider.start(SocketServerProvider.java:75)
	at com.acs.configuration.socket.SocketServerProvider.start(SocketServerProvider.java:75)
	at com.acs.configuration.socket.SocketServerProvider.start(SocketServerProvider.java:75)
	at com.acs.configuration.socket.SocketServerProvider.start(SocketServerProvider.java:75)
	at com.acs.configuration.socket.SocketServerProvider.start(SocketServerProvider.java:75)
]]></system-out>
  </testcase>
</testsuite>